2024-11-09 12:27:50.338 +05:30 [ERR] An error occurred while fetching equipment details.
System.ObjectDisposedException: The reader has been disposed; this can happen after all data has been consumed
Object name: 'Dapper.SqlMapper+GridReader'.
   at Dapper.SqlMapper.GridReader.OnBeforeGrid() in /_/Dapper/SqlMapper.GridReader.cs:line 185
   at Dapper.SqlMapper.GridReader.ReadImpl[T](Type type, Boolean buffered) in /_/Dapper/SqlMapper.GridReader.cs:line 193
   at Dapper.SqlMapper.GridReader.Read[T](Boolean buffered) in /_/Dapper/SqlMapper.GridReader.cs:line 96
   at PMS.Persistence.Repositories.EquipmentDetailsRepository.GetByEquipmentIdandClientId(Decimal Id, Decimal clientid) in e:\Dev_TFS\SBNT.SM.TECHNICAL.CORE8\SBNT.SM.TECHNICAL.CORE8\PMS.Persistence\Repositories\EquipmentDetailsRepository.cs:line 30
   at PMS.Application.Features.Equipments.Queries.GetEquipmentsListByVesselId.GetEquipmentsListByVesselIdQueryHandler.Handle(GetEquipmentsListByVesselIdQuery request, CancellationToken cancellationToken) in e:\Dev_TFS\SBNT.SM.TECHNICAL.CORE8\SBNT.SM.TECHNICAL.CORE8\PMS.Application\Features\Equipment\Queries\GetEquipmentsListByVesselId\GetEquipmentsListByVesselIdQueryHandler.cs:line 27
   at PMS.Api.Controllers.EquipmentController.GetEquipmentsListByVesselId(Decimal vesselId) in e:\Dev_TFS\SBNT.SM.TECHNICAL.CORE8\SBNT.SM.TECHNICAL.CORE8\PMS.API\Controllers\EquipmentController.cs:line 55
2024-11-09 12:27:50.522 +05:30 [ERR] An unhandled exception has occurred while executing the request.
System.ObjectDisposedException: The reader has been disposed; this can happen after all data has been consumed
Object name: 'Dapper.SqlMapper+GridReader'.
   at Dapper.SqlMapper.GridReader.OnBeforeGrid() in /_/Dapper/SqlMapper.GridReader.cs:line 185
   at Dapper.SqlMapper.GridReader.ReadImpl[T](Type type, Boolean buffered) in /_/Dapper/SqlMapper.GridReader.cs:line 193
   at Dapper.SqlMapper.GridReader.Read[T](Boolean buffered) in /_/Dapper/SqlMapper.GridReader.cs:line 96
   at PMS.Persistence.Repositories.EquipmentDetailsRepository.GetByEquipmentIdandClientId(Decimal Id, Decimal clientid) in e:\Dev_TFS\SBNT.SM.TECHNICAL.CORE8\SBNT.SM.TECHNICAL.CORE8\PMS.Persistence\Repositories\EquipmentDetailsRepository.cs:line 30
   at PMS.Application.Features.Equipments.Queries.GetEquipmentsListByVesselId.GetEquipmentsListByVesselIdQueryHandler.Handle(GetEquipmentsListByVesselIdQuery request, CancellationToken cancellationToken) in e:\Dev_TFS\SBNT.SM.TECHNICAL.CORE8\SBNT.SM.TECHNICAL.CORE8\PMS.Application\Features\Equipment\Queries\GetEquipmentsListByVesselId\GetEquipmentsListByVesselIdQueryHandler.cs:line 27
   at PMS.Api.Controllers.EquipmentController.GetEquipmentsListByVesselId(Decimal vesselId) in e:\Dev_TFS\SBNT.SM.TECHNICAL.CORE8\SBNT.SM.TECHNICAL.CORE8\PMS.API\Controllers\EquipmentController.cs:line 55
   at lambda_method2074(Closure, Object)
   at Microsoft.AspNetCore.Mvc.Infrastructure.ActionMethodExecutor.AwaitableObjectResultExecutor.Execute(ActionContext actionContext, IActionResultTypeMapper mapper, ObjectMethodExecutor executor, Object controller, Object[] arguments)
   at Microsoft.AspNetCore.Mvc.Infrastructure.ControllerActionInvoker.<InvokeActionMethodAsync>g__Awaited|12_0(ControllerActionInvoker invoker, ValueTask`1 actionResultValueTask)
   at Microsoft.AspNetCore.Mvc.Infrastructure.ControllerActionInvoker.<InvokeNextActionFilterAsync>g__Awaited|10_0(ControllerActionInvoker invoker, Task lastTask, State next, Scope scope, Object state, Boolean isCompleted)
   at Microsoft.AspNetCore.Mvc.Infrastructure.ControllerActionInvoker.Rethrow(ActionExecutedContextSealed context)
   at Microsoft.AspNetCore.Mvc.Infrastructure.ControllerActionInvoker.Next(State& next, Scope& scope, Object& state, Boolean& isCompleted)
   at Microsoft.AspNetCore.Mvc.Infrastructure.ControllerActionInvoker.<InvokeInnerFilterAsync>g__Awaited|13_0(ControllerActionInvoker invoker, Task lastTask, State next, Scope scope, Object state, Boolean isCompleted)
   at Microsoft.AspNetCore.Mvc.Infrastructure.ResourceInvoker.<InvokeFilterPipelineAsync>g__Awaited|20_0(ResourceInvoker invoker, Task lastTask, State next, Scope scope, Object state, Boolean isCompleted)
   at Microsoft.AspNetCore.Mvc.Infrastructure.ResourceInvoker.<InvokeAsync>g__Logged|17_1(ResourceInvoker invoker)
   at Microsoft.AspNetCore.Mvc.Infrastructure.ResourceInvoker.<InvokeAsync>g__Logged|17_1(ResourceInvoker invoker)
   at Microsoft.AspNetCore.Routing.EndpointMiddleware.<Invoke>g__AwaitRequestTask|7_0(Endpoint endpoint, Task requestTask, ILogger logger)
   at Microsoft.AspNetCore.Authorization.AuthorizationMiddleware.Invoke(HttpContext context)
   at Microsoft.AspNetCore.Authentication.AuthenticationMiddleware.Invoke(HttpContext context)
   at Swashbuckle.AspNetCore.SwaggerUI.SwaggerUIMiddleware.Invoke(HttpContext httpContext)
   at Swashbuckle.AspNetCore.Swagger.SwaggerMiddleware.Invoke(HttpContext httpContext, ISwaggerProvider swaggerProvider)
   at Microsoft.AspNetCore.Diagnostics.DeveloperExceptionPageMiddlewareImpl.Invoke(HttpContext context)
2024-11-09 12:48:10.144 +05:30 [ERR] An unhandled exception has occurred while executing the request.
System.Exception: System.InvalidOperationException: Invalid attempt to call FieldCount when reader is closed.
   at Microsoft.Data.SqlClient.SqlDataReader.get_FieldCount()
   at Dapper.SqlMapper.GetColumnHash(DbDataReader reader, Int32 startBound, Int32 length) in /_/Dapper/SqlMapper.cs:line 40
   at Dapper.SqlMapper.GridReader.ReadImpl[T](Type type, Boolean buffered) in /_/Dapper/SqlMapper.GridReader.cs:line 198
   at Dapper.SqlMapper.GridReader.Read[T](Boolean buffered) in /_/Dapper/SqlMapper.GridReader.cs:line 96
   at PMS.Persistence.Repositories.VesselGroupAndVesselRepository.GetVesselGroupAndVessel(Decimal clientid, Decimal locationId, Decimal userId) in e:\Dev_TFS\SBNT.SM.TECHNICAL.CORE8\SBNT.SM.TECHNICAL.CORE8\PMS.Persistence\Repositories\VesselGroupAndVesselRepository.cs:line 42
   at PMS.Persistence.Repositories.VesselGroupAndVesselRepository.GetVesselGroupAndVessel(Decimal clientid, Decimal locationId, Decimal userId) in e:\Dev_TFS\SBNT.SM.TECHNICAL.CORE8\SBNT.SM.TECHNICAL.CORE8\PMS.Persistence\Repositories\VesselGroupAndVesselRepository.cs:line 73
   at PMS.Application.Features.VesselGroupAndVessel.Queries.GetVesselGroupAndVessellistByClientId.GetVesselGroupAndVessellistByClientIdQueryHandler.Handle(GetVesselGroupAndVessellistByClientIdQuery request, CancellationToken cancellationToken) in e:\Dev_TFS\SBNT.SM.TECHNICAL.CORE8\SBNT.SM.TECHNICAL.CORE8\PMS.Application\Features\VesselGroupAndVessel\Queries\GetVesselGroupAndVessellistByClientId\GetVesselGroupAndVessellistByClientIdQueryHandler.cs:line 24
   at PMS.Api.Controllers.VesselController.GetAllVesselByClientId() in e:\Dev_TFS\SBNT.SM.TECHNICAL.CORE8\SBNT.SM.TECHNICAL.CORE8\PMS.API\Controllers\VesselController.cs:line 25
   at lambda_method3435(Closure, Object)
   at Microsoft.AspNetCore.Mvc.Infrastructure.ActionMethodExecutor.AwaitableObjectResultExecutor.Execute(ActionContext actionContext, IActionResultTypeMapper mapper, ObjectMethodExecutor executor, Object controller, Object[] arguments)
   at Microsoft.AspNetCore.Mvc.Infrastructure.ControllerActionInvoker.<InvokeActionMethodAsync>g__Awaited|12_0(ControllerActionInvoker invoker, ValueTask`1 actionResultValueTask)
   at Microsoft.AspNetCore.Mvc.Infrastructure.ControllerActionInvoker.<InvokeNextActionFilterAsync>g__Awaited|10_0(ControllerActionInvoker invoker, Task lastTask, State next, Scope scope, Object state, Boolean isCompleted)
   at Microsoft.AspNetCore.Mvc.Infrastructure.ControllerActionInvoker.Rethrow(ActionExecutedContextSealed context)
   at Microsoft.AspNetCore.Mvc.Infrastructure.ControllerActionInvoker.Next(State& next, Scope& scope, Object& state, Boolean& isCompleted)
   at Microsoft.AspNetCore.Mvc.Infrastructure.ControllerActionInvoker.<InvokeInnerFilterAsync>g__Awaited|13_0(ControllerActionInvoker invoker, Task lastTask, State next, Scope scope, Object state, Boolean isCompleted)
   at Microsoft.AspNetCore.Mvc.Infrastructure.ResourceInvoker.<InvokeFilterPipelineAsync>g__Awaited|20_0(ResourceInvoker invoker, Task lastTask, State next, Scope scope, Object state, Boolean isCompleted)
   at Microsoft.AspNetCore.Mvc.Infrastructure.ResourceInvoker.<InvokeAsync>g__Logged|17_1(ResourceInvoker invoker)
   at Microsoft.AspNetCore.Mvc.Infrastructure.ResourceInvoker.<InvokeAsync>g__Logged|17_1(ResourceInvoker invoker)
   at Microsoft.AspNetCore.Routing.EndpointMiddleware.<Invoke>g__AwaitRequestTask|7_0(Endpoint endpoint, Task requestTask, ILogger logger)
   at Microsoft.AspNetCore.Authorization.AuthorizationMiddleware.Invoke(HttpContext context)
   at Microsoft.AspNetCore.Authentication.AuthenticationMiddleware.Invoke(HttpContext context)
   at Swashbuckle.AspNetCore.SwaggerUI.SwaggerUIMiddleware.Invoke(HttpContext httpContext)
   at Swashbuckle.AspNetCore.Swagger.SwaggerMiddleware.Invoke(HttpContext httpContext, ISwaggerProvider swaggerProvider)
   at Microsoft.AspNetCore.Diagnostics.DeveloperExceptionPageMiddlewareImpl.Invoke(HttpContext context)
2024-11-09 12:48:13.968 +05:30 [ERR] An error occurred while fetching equipment details.
System.InvalidOperationException: Internal connection fatal error.
   at Microsoft.Data.SqlClient.TdsParser.TryRun(RunBehavior runBehavior, SqlCommand cmdHandler, SqlDataReader dataStream, BulkCopySimpleResultSet bulkCopyHandler, TdsParserStateObject stateObj, Boolean& dataReady)
   at Microsoft.Data.SqlClient.SqlDataReader.TryHasMoreResults(Boolean& moreResults)
   at Microsoft.Data.SqlClient.SqlDataReader.TryNextResult(Boolean& more)
   at Microsoft.Data.SqlClient.SqlDataReader.NextResult()
   at Dapper.SqlMapper.GridReader.OnAfterGrid(Int32 index) in /_/Dapper/SqlMapper.GridReader.cs:line 450
   at Dapper.SqlMapper.GridReader.ReadDeferred[T](Int32 index, Func`2 deserializer, Type effectiveType)+<>m__Finally1() in /_/Dapper/SqlMapper.GridReader.cs:line 404
   at Dapper.SqlMapper.GridReader.ReadDeferred[T](Int32 index, Func`2 deserializer, Type effectiveType)+System.IDisposable.Dispose()
   at Dapper.SqlMapper.GridReader.ReadDeferred[T](Int32 index, Func`2 deserializer, Type effectiveType)+MoveNext() in /_/Dapper/SqlMapper.GridReader.cs:line 406
   at System.Collections.Generic.List`1..ctor(IEnumerable`1 collection)
   at System.Linq.Enumerable.ToList[TSource](IEnumerable`1 source)
   at Dapper.SqlMapper.GridReader.ReadImpl[T](Type type, Boolean buffered) in /_/Dapper/SqlMapper.GridReader.cs:line 205
   at Dapper.SqlMapper.GridReader.Read[T](Boolean buffered) in /_/Dapper/SqlMapper.GridReader.cs:line 96
   at PMS.Persistence.Repositories.EquipmentDetailsRepository.GetByEquipmentIdandClientId(Decimal Id, Decimal clientid) in e:\Dev_TFS\SBNT.SM.TECHNICAL.CORE8\SBNT.SM.TECHNICAL.CORE8\PMS.Persistence\Repositories\EquipmentDetailsRepository.cs:line 30
   at PMS.Application.Features.Equipments.Queries.GetEquipmentsListByVesselId.GetEquipmentsListByVesselIdQueryHandler.Handle(GetEquipmentsListByVesselIdQuery request, CancellationToken cancellationToken) in e:\Dev_TFS\SBNT.SM.TECHNICAL.CORE8\SBNT.SM.TECHNICAL.CORE8\PMS.Application\Features\Equipment\Queries\GetEquipmentsListByVesselId\GetEquipmentsListByVesselIdQueryHandler.cs:line 27
   at PMS.Api.Controllers.EquipmentController.GetEquipmentsListByVesselId(Decimal vesselId) in e:\Dev_TFS\SBNT.SM.TECHNICAL.CORE8\SBNT.SM.TECHNICAL.CORE8\PMS.API\Controllers\EquipmentController.cs:line 55
2024-11-09 12:48:14.164 +05:30 [ERR] An unhandled exception has occurred while executing the request.
System.InvalidOperationException: Internal connection fatal error.
   at Microsoft.Data.SqlClient.TdsParser.TryRun(RunBehavior runBehavior, SqlCommand cmdHandler, SqlDataReader dataStream, BulkCopySimpleResultSet bulkCopyHandler, TdsParserStateObject stateObj, Boolean& dataReady)
   at Microsoft.Data.SqlClient.SqlDataReader.TryHasMoreResults(Boolean& moreResults)
   at Microsoft.Data.SqlClient.SqlDataReader.TryNextResult(Boolean& more)
   at Microsoft.Data.SqlClient.SqlDataReader.NextResult()
   at Dapper.SqlMapper.GridReader.OnAfterGrid(Int32 index) in /_/Dapper/SqlMapper.GridReader.cs:line 450
   at Dapper.SqlMapper.GridReader.ReadDeferred[T](Int32 index, Func`2 deserializer, Type effectiveType)+<>m__Finally1() in /_/Dapper/SqlMapper.GridReader.cs:line 404
   at Dapper.SqlMapper.GridReader.ReadDeferred[T](Int32 index, Func`2 deserializer, Type effectiveType)+System.IDisposable.Dispose()
   at Dapper.SqlMapper.GridReader.ReadDeferred[T](Int32 index, Func`2 deserializer, Type effectiveType)+MoveNext() in /_/Dapper/SqlMapper.GridReader.cs:line 406
   at System.Collections.Generic.List`1..ctor(IEnumerable`1 collection)
   at System.Linq.Enumerable.ToList[TSource](IEnumerable`1 source)
   at Dapper.SqlMapper.GridReader.ReadImpl[T](Type type, Boolean buffered) in /_/Dapper/SqlMapper.GridReader.cs:line 205
   at Dapper.SqlMapper.GridReader.Read[T](Boolean buffered) in /_/Dapper/SqlMapper.GridReader.cs:line 96
   at PMS.Persistence.Repositories.EquipmentDetailsRepository.GetByEquipmentIdandClientId(Decimal Id, Decimal clientid) in e:\Dev_TFS\SBNT.SM.TECHNICAL.CORE8\SBNT.SM.TECHNICAL.CORE8\PMS.Persistence\Repositories\EquipmentDetailsRepository.cs:line 30
   at PMS.Application.Features.Equipments.Queries.GetEquipmentsListByVesselId.GetEquipmentsListByVesselIdQueryHandler.Handle(GetEquipmentsListByVesselIdQuery request, CancellationToken cancellationToken) in e:\Dev_TFS\SBNT.SM.TECHNICAL.CORE8\SBNT.SM.TECHNICAL.CORE8\PMS.Application\Features\Equipment\Queries\GetEquipmentsListByVesselId\GetEquipmentsListByVesselIdQueryHandler.cs:line 27
   at PMS.Api.Controllers.EquipmentController.GetEquipmentsListByVesselId(Decimal vesselId) in e:\Dev_TFS\SBNT.SM.TECHNICAL.CORE8\SBNT.SM.TECHNICAL.CORE8\PMS.API\Controllers\EquipmentController.cs:line 55
   at lambda_method3470(Closure, Object)
   at Microsoft.AspNetCore.Mvc.Infrastructure.ActionMethodExecutor.AwaitableObjectResultExecutor.Execute(ActionContext actionContext, IActionResultTypeMapper mapper, ObjectMethodExecutor executor, Object controller, Object[] arguments)
   at Microsoft.AspNetCore.Mvc.Infrastructure.ControllerActionInvoker.<InvokeActionMethodAsync>g__Awaited|12_0(ControllerActionInvoker invoker, ValueTask`1 actionResultValueTask)
   at Microsoft.AspNetCore.Mvc.Infrastructure.ControllerActionInvoker.<InvokeNextActionFilterAsync>g__Awaited|10_0(ControllerActionInvoker invoker, Task lastTask, State next, Scope scope, Object state, Boolean isCompleted)
   at Microsoft.AspNetCore.Mvc.Infrastructure.ControllerActionInvoker.Rethrow(ActionExecutedContextSealed context)
   at Microsoft.AspNetCore.Mvc.Infrastructure.ControllerActionInvoker.Next(State& next, Scope& scope, Object& state, Boolean& isCompleted)
   at Microsoft.AspNetCore.Mvc.Infrastructure.ControllerActionInvoker.<InvokeInnerFilterAsync>g__Awaited|13_0(ControllerActionInvoker invoker, Task lastTask, State next, Scope scope, Object state, Boolean isCompleted)
   at Microsoft.AspNetCore.Mvc.Infrastructure.ResourceInvoker.<InvokeFilterPipelineAsync>g__Awaited|20_0(ResourceInvoker invoker, Task lastTask, State next, Scope scope, Object state, Boolean isCompleted)
   at Microsoft.AspNetCore.Mvc.Infrastructure.ResourceInvoker.<InvokeAsync>g__Logged|17_1(ResourceInvoker invoker)
   at Microsoft.AspNetCore.Mvc.Infrastructure.ResourceInvoker.<InvokeAsync>g__Logged|17_1(ResourceInvoker invoker)
   at Microsoft.AspNetCore.Routing.EndpointMiddleware.<Invoke>g__AwaitRequestTask|7_0(Endpoint endpoint, Task requestTask, ILogger logger)
   at Microsoft.AspNetCore.Authorization.AuthorizationMiddleware.Invoke(HttpContext context)
   at Microsoft.AspNetCore.Authentication.AuthenticationMiddleware.Invoke(HttpContext context)
   at Swashbuckle.AspNetCore.SwaggerUI.SwaggerUIMiddleware.Invoke(HttpContext httpContext)
   at Swashbuckle.AspNetCore.Swagger.SwaggerMiddleware.Invoke(HttpContext httpContext, ISwaggerProvider swaggerProvider)
   at Microsoft.AspNetCore.Diagnostics.DeveloperExceptionPageMiddlewareImpl.Invoke(HttpContext context)
2024-11-09 13:18:01.296 +05:30 [ERR] An error occurred while fetching equipment details.
System.InvalidCastException: Unable to cast object of type 'Microsoft.Data.ProviderBase.DbConnectionClosedConnecting' to type 'Microsoft.Data.SqlClient.SqlInternalConnectionTds'.
   at Microsoft.Data.SqlClient.SqlConnection.Open(SqlConnectionOverrides overrides)
   at PMS.Persistence.DataAccessLayer.DataAccess.EnsureConnectionOpen() in e:\Dev_TFS\SBNT.SM.TECHNICAL.CORE8\SBNT.SM.TECHNICAL.CORE8\PMS.Persistence\DataAccessLayer\DataAccess.cs:line 20
   at PMS.Persistence.Repositories.EquipmentDetailsRepository.GetByEquipmentIdandClientId(Decimal Id, Decimal clientid) in e:\Dev_TFS\SBNT.SM.TECHNICAL.CORE8\SBNT.SM.TECHNICAL.CORE8\PMS.Persistence\Repositories\EquipmentDetailsRepository.cs:line 26
   at PMS.Application.Features.Equipments.Queries.GetEquipmentsListByVesselId.GetEquipmentsListByVesselIdQueryHandler.Handle(GetEquipmentsListByVesselIdQuery request, CancellationToken cancellationToken) in e:\Dev_TFS\SBNT.SM.TECHNICAL.CORE8\SBNT.SM.TECHNICAL.CORE8\PMS.Application\Features\Equipment\Queries\GetEquipmentsListByVesselId\GetEquipmentsListByVesselIdQueryHandler.cs:line 27
   at PMS.Api.Controllers.EquipmentController.GetEquipmentsListByVesselId(Decimal vesselId) in e:\Dev_TFS\SBNT.SM.TECHNICAL.CORE8\SBNT.SM.TECHNICAL.CORE8\PMS.API\Controllers\EquipmentController.cs:line 55
2024-11-09 13:18:01.612 +05:30 [ERR] An unhandled exception has occurred while executing the request.
System.Exception: System.ObjectDisposedException: The reader has been disposed; this can happen after all data has been consumed
Object name: 'Dapper.SqlMapper+GridReader'.
   at Dapper.SqlMapper.GridReader.OnBeforeGrid() in /_/Dapper/SqlMapper.GridReader.cs:line 185
   at Dapper.SqlMapper.GridReader.ReadImpl[T](Type type, Boolean buffered) in /_/Dapper/SqlMapper.GridReader.cs:line 193
   at Dapper.SqlMapper.GridReader.Read[T](Boolean buffered) in /_/Dapper/SqlMapper.GridReader.cs:line 96
   at PMS.Persistence.Repositories.VesselGroupAndVesselRepository.GetVesselGroupAndVessel(Decimal clientid, Decimal locationId, Decimal userId) in e:\Dev_TFS\SBNT.SM.TECHNICAL.CORE8\SBNT.SM.TECHNICAL.CORE8\PMS.Persistence\Repositories\VesselGroupAndVesselRepository.cs:line 42
   at PMS.Persistence.Repositories.VesselGroupAndVesselRepository.GetVesselGroupAndVessel(Decimal clientid, Decimal locationId, Decimal userId) in e:\Dev_TFS\SBNT.SM.TECHNICAL.CORE8\SBNT.SM.TECHNICAL.CORE8\PMS.Persistence\Repositories\VesselGroupAndVesselRepository.cs:line 73
   at PMS.Application.Features.VesselGroupAndVessel.Queries.GetVesselGroupAndVessellistByClientId.GetVesselGroupAndVessellistByClientIdQueryHandler.Handle(GetVesselGroupAndVessellistByClientIdQuery request, CancellationToken cancellationToken) in e:\Dev_TFS\SBNT.SM.TECHNICAL.CORE8\SBNT.SM.TECHNICAL.CORE8\PMS.Application\Features\VesselGroupAndVessel\Queries\GetVesselGroupAndVessellistByClientId\GetVesselGroupAndVessellistByClientIdQueryHandler.cs:line 24
   at PMS.Api.Controllers.VesselController.GetAllVesselByClientId() in e:\Dev_TFS\SBNT.SM.TECHNICAL.CORE8\SBNT.SM.TECHNICAL.CORE8\PMS.API\Controllers\VesselController.cs:line 25
   at lambda_method3435(Closure, Object)
   at Microsoft.AspNetCore.Mvc.Infrastructure.ActionMethodExecutor.AwaitableObjectResultExecutor.Execute(ActionContext actionContext, IActionResultTypeMapper mapper, ObjectMethodExecutor executor, Object controller, Object[] arguments)
   at Microsoft.AspNetCore.Mvc.Infrastructure.ControllerActionInvoker.<InvokeActionMethodAsync>g__Awaited|12_0(ControllerActionInvoker invoker, ValueTask`1 actionResultValueTask)
   at Microsoft.AspNetCore.Mvc.Infrastructure.ControllerActionInvoker.<InvokeNextActionFilterAsync>g__Awaited|10_0(ControllerActionInvoker invoker, Task lastTask, State next, Scope scope, Object state, Boolean isCompleted)
   at Microsoft.AspNetCore.Mvc.Infrastructure.ControllerActionInvoker.Rethrow(ActionExecutedContextSealed context)
   at Microsoft.AspNetCore.Mvc.Infrastructure.ControllerActionInvoker.Next(State& next, Scope& scope, Object& state, Boolean& isCompleted)
   at Microsoft.AspNetCore.Mvc.Infrastructure.ControllerActionInvoker.<InvokeInnerFilterAsync>g__Awaited|13_0(ControllerActionInvoker invoker, Task lastTask, State next, Scope scope, Object state, Boolean isCompleted)
   at Microsoft.AspNetCore.Mvc.Infrastructure.ResourceInvoker.<InvokeFilterPipelineAsync>g__Awaited|20_0(ResourceInvoker invoker, Task lastTask, State next, Scope scope, Object state, Boolean isCompleted)
   at Microsoft.AspNetCore.Mvc.Infrastructure.ResourceInvoker.<InvokeAsync>g__Logged|17_1(ResourceInvoker invoker)
   at Microsoft.AspNetCore.Mvc.Infrastructure.ResourceInvoker.<InvokeAsync>g__Logged|17_1(ResourceInvoker invoker)
   at Microsoft.AspNetCore.Routing.EndpointMiddleware.<Invoke>g__AwaitRequestTask|7_0(Endpoint endpoint, Task requestTask, ILogger logger)
   at Microsoft.AspNetCore.Authorization.AuthorizationMiddleware.Invoke(HttpContext context)
   at Microsoft.AspNetCore.Authentication.AuthenticationMiddleware.Invoke(HttpContext context)
   at Swashbuckle.AspNetCore.SwaggerUI.SwaggerUIMiddleware.Invoke(HttpContext httpContext)
   at Swashbuckle.AspNetCore.Swagger.SwaggerMiddleware.Invoke(HttpContext httpContext, ISwaggerProvider swaggerProvider)
   at Microsoft.AspNetCore.Diagnostics.DeveloperExceptionPageMiddlewareImpl.Invoke(HttpContext context)
2024-11-09 13:18:01.614 +05:30 [ERR] An unhandled exception has occurred while executing the request.
System.InvalidCastException: Unable to cast object of type 'Microsoft.Data.ProviderBase.DbConnectionClosedConnecting' to type 'Microsoft.Data.SqlClient.SqlInternalConnectionTds'.
   at Microsoft.Data.SqlClient.SqlConnection.Open(SqlConnectionOverrides overrides)
   at PMS.Persistence.DataAccessLayer.DataAccess.EnsureConnectionOpen() in e:\Dev_TFS\SBNT.SM.TECHNICAL.CORE8\SBNT.SM.TECHNICAL.CORE8\PMS.Persistence\DataAccessLayer\DataAccess.cs:line 20
   at PMS.Persistence.Repositories.EquipmentDetailsRepository.GetByEquipmentIdandClientId(Decimal Id, Decimal clientid) in e:\Dev_TFS\SBNT.SM.TECHNICAL.CORE8\SBNT.SM.TECHNICAL.CORE8\PMS.Persistence\Repositories\EquipmentDetailsRepository.cs:line 26
   at PMS.Application.Features.Equipments.Queries.GetEquipmentsListByVesselId.GetEquipmentsListByVesselIdQueryHandler.Handle(GetEquipmentsListByVesselIdQuery request, CancellationToken cancellationToken) in e:\Dev_TFS\SBNT.SM.TECHNICAL.CORE8\SBNT.SM.TECHNICAL.CORE8\PMS.Application\Features\Equipment\Queries\GetEquipmentsListByVesselId\GetEquipmentsListByVesselIdQueryHandler.cs:line 27
   at PMS.Api.Controllers.EquipmentController.GetEquipmentsListByVesselId(Decimal vesselId) in e:\Dev_TFS\SBNT.SM.TECHNICAL.CORE8\SBNT.SM.TECHNICAL.CORE8\PMS.API\Controllers\EquipmentController.cs:line 55
   at lambda_method3470(Closure, Object)
   at Microsoft.AspNetCore.Mvc.Infrastructure.ActionMethodExecutor.AwaitableObjectResultExecutor.Execute(ActionContext actionContext, IActionResultTypeMapper mapper, ObjectMethodExecutor executor, Object controller, Object[] arguments)
   at Microsoft.AspNetCore.Mvc.Infrastructure.ControllerActionInvoker.<InvokeActionMethodAsync>g__Awaited|12_0(ControllerActionInvoker invoker, ValueTask`1 actionResultValueTask)
   at Microsoft.AspNetCore.Mvc.Infrastructure.ControllerActionInvoker.<InvokeNextActionFilterAsync>g__Awaited|10_0(ControllerActionInvoker invoker, Task lastTask, State next, Scope scope, Object state, Boolean isCompleted)
   at Microsoft.AspNetCore.Mvc.Infrastructure.ControllerActionInvoker.Rethrow(ActionExecutedContextSealed context)
   at Microsoft.AspNetCore.Mvc.Infrastructure.ControllerActionInvoker.Next(State& next, Scope& scope, Object& state, Boolean& isCompleted)
   at Microsoft.AspNetCore.Mvc.Infrastructure.ControllerActionInvoker.InvokeInnerFilterAsync()
--- End of stack trace from previous location ---
   at Microsoft.AspNetCore.Mvc.Infrastructure.ResourceInvoker.<InvokeFilterPipelineAsync>g__Awaited|20_0(ResourceInvoker invoker, Task lastTask, State next, Scope scope, Object state, Boolean isCompleted)
   at Microsoft.AspNetCore.Mvc.Infrastructure.ResourceInvoker.<InvokeAsync>g__Logged|17_1(ResourceInvoker invoker)
   at Microsoft.AspNetCore.Mvc.Infrastructure.ResourceInvoker.<InvokeAsync>g__Logged|17_1(ResourceInvoker invoker)
   at Microsoft.AspNetCore.Routing.EndpointMiddleware.<Invoke>g__AwaitRequestTask|7_0(Endpoint endpoint, Task requestTask, ILogger logger)
   at Microsoft.AspNetCore.Authorization.AuthorizationMiddleware.Invoke(HttpContext context)
   at Microsoft.AspNetCore.Authentication.AuthenticationMiddleware.Invoke(HttpContext context)
   at Swashbuckle.AspNetCore.SwaggerUI.SwaggerUIMiddleware.Invoke(HttpContext httpContext)
   at Swashbuckle.AspNetCore.Swagger.SwaggerMiddleware.Invoke(HttpContext httpContext, ISwaggerProvider swaggerProvider)
   at Microsoft.AspNetCore.Diagnostics.DeveloperExceptionPageMiddlewareImpl.Invoke(HttpContext context)
2024-11-09 13:18:29.973 +05:30 [ERR] An error occurred while fetching equipment details.
System.ObjectDisposedException: The reader has been disposed; this can happen after all data has been consumed
Object name: 'Dapper.SqlMapper+GridReader'.
   at Dapper.SqlMapper.GridReader.OnBeforeGrid() in /_/Dapper/SqlMapper.GridReader.cs:line 185
   at Dapper.SqlMapper.GridReader.ReadImpl[T](Type type, Boolean buffered) in /_/Dapper/SqlMapper.GridReader.cs:line 193
   at Dapper.SqlMapper.GridReader.Read[T](Boolean buffered) in /_/Dapper/SqlMapper.GridReader.cs:line 96
   at PMS.Persistence.Repositories.EquipmentDetailsRepository.GetByEquipmentIdandClientId(Decimal Id, Decimal clientid) in e:\Dev_TFS\SBNT.SM.TECHNICAL.CORE8\SBNT.SM.TECHNICAL.CORE8\PMS.Persistence\Repositories\EquipmentDetailsRepository.cs:line 30
   at PMS.Application.Features.Equipments.Queries.GetEquipmentsListByVesselId.GetEquipmentsListByVesselIdQueryHandler.Handle(GetEquipmentsListByVesselIdQuery request, CancellationToken cancellationToken) in e:\Dev_TFS\SBNT.SM.TECHNICAL.CORE8\SBNT.SM.TECHNICAL.CORE8\PMS.Application\Features\Equipment\Queries\GetEquipmentsListByVesselId\GetEquipmentsListByVesselIdQueryHandler.cs:line 27
   at PMS.Api.Controllers.EquipmentController.GetEquipmentsListByVesselId(Decimal vesselId) in e:\Dev_TFS\SBNT.SM.TECHNICAL.CORE8\SBNT.SM.TECHNICAL.CORE8\PMS.API\Controllers\EquipmentController.cs:line 55
2024-11-09 13:18:30.157 +05:30 [ERR] An unhandled exception has occurred while executing the request.
System.Exception: System.ObjectDisposedException: The reader has been disposed; this can happen after all data has been consumed
Object name: 'Dapper.SqlMapper+GridReader'.
   at Dapper.SqlMapper.GridReader.OnBeforeGrid() in /_/Dapper/SqlMapper.GridReader.cs:line 185
   at Dapper.SqlMapper.GridReader.ReadImpl[T](Type type, Boolean buffered) in /_/Dapper/SqlMapper.GridReader.cs:line 193
   at Dapper.SqlMapper.GridReader.Read[T](Boolean buffered) in /_/Dapper/SqlMapper.GridReader.cs:line 96
   at PMS.Persistence.Repositories.VesselGroupAndVesselRepository.GetVesselGroupAndVessel(Decimal clientid, Decimal locationId, Decimal userId) in e:\Dev_TFS\SBNT.SM.TECHNICAL.CORE8\SBNT.SM.TECHNICAL.CORE8\PMS.Persistence\Repositories\VesselGroupAndVesselRepository.cs:line 42
   at PMS.Persistence.Repositories.VesselGroupAndVesselRepository.GetVesselGroupAndVessel(Decimal clientid, Decimal locationId, Decimal userId) in e:\Dev_TFS\SBNT.SM.TECHNICAL.CORE8\SBNT.SM.TECHNICAL.CORE8\PMS.Persistence\Repositories\VesselGroupAndVesselRepository.cs:line 73
   at PMS.Application.Features.VesselGroupAndVessel.Queries.GetVesselGroupAndVessellistByClientId.GetVesselGroupAndVessellistByClientIdQueryHandler.Handle(GetVesselGroupAndVessellistByClientIdQuery request, CancellationToken cancellationToken) in e:\Dev_TFS\SBNT.SM.TECHNICAL.CORE8\SBNT.SM.TECHNICAL.CORE8\PMS.Application\Features\VesselGroupAndVessel\Queries\GetVesselGroupAndVessellistByClientId\GetVesselGroupAndVessellistByClientIdQueryHandler.cs:line 24
   at PMS.Api.Controllers.VesselController.GetAllVesselByClientId() in e:\Dev_TFS\SBNT.SM.TECHNICAL.CORE8\SBNT.SM.TECHNICAL.CORE8\PMS.API\Controllers\VesselController.cs:line 25
   at lambda_method3435(Closure, Object)
   at Microsoft.AspNetCore.Mvc.Infrastructure.ActionMethodExecutor.AwaitableObjectResultExecutor.Execute(ActionContext actionContext, IActionResultTypeMapper mapper, ObjectMethodExecutor executor, Object controller, Object[] arguments)
   at Microsoft.AspNetCore.Mvc.Infrastructure.ControllerActionInvoker.<InvokeActionMethodAsync>g__Awaited|12_0(ControllerActionInvoker invoker, ValueTask`1 actionResultValueTask)
   at Microsoft.AspNetCore.Mvc.Infrastructure.ControllerActionInvoker.<InvokeNextActionFilterAsync>g__Awaited|10_0(ControllerActionInvoker invoker, Task lastTask, State next, Scope scope, Object state, Boolean isCompleted)
   at Microsoft.AspNetCore.Mvc.Infrastructure.ControllerActionInvoker.Rethrow(ActionExecutedContextSealed context)
   at Microsoft.AspNetCore.Mvc.Infrastructure.ControllerActionInvoker.Next(State& next, Scope& scope, Object& state, Boolean& isCompleted)
   at Microsoft.AspNetCore.Mvc.Infrastructure.ControllerActionInvoker.<InvokeInnerFilterAsync>g__Awaited|13_0(ControllerActionInvoker invoker, Task lastTask, State next, Scope scope, Object state, Boolean isCompleted)
   at Microsoft.AspNetCore.Mvc.Infrastructure.ResourceInvoker.<InvokeFilterPipelineAsync>g__Awaited|20_0(ResourceInvoker invoker, Task lastTask, State next, Scope scope, Object state, Boolean isCompleted)
   at Microsoft.AspNetCore.Mvc.Infrastructure.ResourceInvoker.<InvokeAsync>g__Logged|17_1(ResourceInvoker invoker)
   at Microsoft.AspNetCore.Mvc.Infrastructure.ResourceInvoker.<InvokeAsync>g__Logged|17_1(ResourceInvoker invoker)
   at Microsoft.AspNetCore.Routing.EndpointMiddleware.<Invoke>g__AwaitRequestTask|7_0(Endpoint endpoint, Task requestTask, ILogger logger)
   at Microsoft.AspNetCore.Authorization.AuthorizationMiddleware.Invoke(HttpContext context)
   at Microsoft.AspNetCore.Authentication.AuthenticationMiddleware.Invoke(HttpContext context)
   at Swashbuckle.AspNetCore.SwaggerUI.SwaggerUIMiddleware.Invoke(HttpContext httpContext)
   at Swashbuckle.AspNetCore.Swagger.SwaggerMiddleware.Invoke(HttpContext httpContext, ISwaggerProvider swaggerProvider)
   at Microsoft.AspNetCore.Diagnostics.DeveloperExceptionPageMiddlewareImpl.Invoke(HttpContext context)
2024-11-09 13:18:30.174 +05:30 [ERR] An unhandled exception has occurred while executing the request.
System.ObjectDisposedException: The reader has been disposed; this can happen after all data has been consumed
Object name: 'Dapper.SqlMapper+GridReader'.
   at Dapper.SqlMapper.GridReader.OnBeforeGrid() in /_/Dapper/SqlMapper.GridReader.cs:line 185
   at Dapper.SqlMapper.GridReader.ReadImpl[T](Type type, Boolean buffered) in /_/Dapper/SqlMapper.GridReader.cs:line 193
   at Dapper.SqlMapper.GridReader.Read[T](Boolean buffered) in /_/Dapper/SqlMapper.GridReader.cs:line 96
   at PMS.Persistence.Repositories.EquipmentDetailsRepository.GetByEquipmentIdandClientId(Decimal Id, Decimal clientid) in e:\Dev_TFS\SBNT.SM.TECHNICAL.CORE8\SBNT.SM.TECHNICAL.CORE8\PMS.Persistence\Repositories\EquipmentDetailsRepository.cs:line 30
   at PMS.Application.Features.Equipments.Queries.GetEquipmentsListByVesselId.GetEquipmentsListByVesselIdQueryHandler.Handle(GetEquipmentsListByVesselIdQuery request, CancellationToken cancellationToken) in e:\Dev_TFS\SBNT.SM.TECHNICAL.CORE8\SBNT.SM.TECHNICAL.CORE8\PMS.Application\Features\Equipment\Queries\GetEquipmentsListByVesselId\GetEquipmentsListByVesselIdQueryHandler.cs:line 27
   at PMS.Api.Controllers.EquipmentController.GetEquipmentsListByVesselId(Decimal vesselId) in e:\Dev_TFS\SBNT.SM.TECHNICAL.CORE8\SBNT.SM.TECHNICAL.CORE8\PMS.API\Controllers\EquipmentController.cs:line 55
   at lambda_method3470(Closure, Object)
   at Microsoft.AspNetCore.Mvc.Infrastructure.ActionMethodExecutor.AwaitableObjectResultExecutor.Execute(ActionContext actionContext, IActionResultTypeMapper mapper, ObjectMethodExecutor executor, Object controller, Object[] arguments)
   at Microsoft.AspNetCore.Mvc.Infrastructure.ControllerActionInvoker.<InvokeActionMethodAsync>g__Awaited|12_0(ControllerActionInvoker invoker, ValueTask`1 actionResultValueTask)
   at Microsoft.AspNetCore.Mvc.Infrastructure.ControllerActionInvoker.<InvokeNextActionFilterAsync>g__Awaited|10_0(ControllerActionInvoker invoker, Task lastTask, State next, Scope scope, Object state, Boolean isCompleted)
   at Microsoft.AspNetCore.Mvc.Infrastructure.ControllerActionInvoker.Rethrow(ActionExecutedContextSealed context)
   at Microsoft.AspNetCore.Mvc.Infrastructure.ControllerActionInvoker.Next(State& next, Scope& scope, Object& state, Boolean& isCompleted)
   at Microsoft.AspNetCore.Mvc.Infrastructure.ControllerActionInvoker.<InvokeInnerFilterAsync>g__Awaited|13_0(ControllerActionInvoker invoker, Task lastTask, State next, Scope scope, Object state, Boolean isCompleted)
   at Microsoft.AspNetCore.Mvc.Infrastructure.ResourceInvoker.<InvokeFilterPipelineAsync>g__Awaited|20_0(ResourceInvoker invoker, Task lastTask, State next, Scope scope, Object state, Boolean isCompleted)
   at Microsoft.AspNetCore.Mvc.Infrastructure.ResourceInvoker.<InvokeAsync>g__Logged|17_1(ResourceInvoker invoker)
   at Microsoft.AspNetCore.Mvc.Infrastructure.ResourceInvoker.<InvokeAsync>g__Logged|17_1(ResourceInvoker invoker)
   at Microsoft.AspNetCore.Routing.EndpointMiddleware.<Invoke>g__AwaitRequestTask|7_0(Endpoint endpoint, Task requestTask, ILogger logger)
   at Microsoft.AspNetCore.Authorization.AuthorizationMiddleware.Invoke(HttpContext context)
   at Microsoft.AspNetCore.Authentication.AuthenticationMiddleware.Invoke(HttpContext context)
   at Swashbuckle.AspNetCore.SwaggerUI.SwaggerUIMiddleware.Invoke(HttpContext httpContext)
   at Swashbuckle.AspNetCore.Swagger.SwaggerMiddleware.Invoke(HttpContext httpContext, ISwaggerProvider swaggerProvider)
   at Microsoft.AspNetCore.Diagnostics.DeveloperExceptionPageMiddlewareImpl.Invoke(HttpContext context)
2024-11-09 13:18:49.769 +05:30 [ERR] An error occurred while fetching equipment details.
System.ObjectDisposedException: The reader has been disposed; this can happen after all data has been consumed
Object name: 'Dapper.SqlMapper+GridReader'.
   at Dapper.SqlMapper.GridReader.OnBeforeGrid() in /_/Dapper/SqlMapper.GridReader.cs:line 185
   at Dapper.SqlMapper.GridReader.ReadImpl[T](Type type, Boolean buffered) in /_/Dapper/SqlMapper.GridReader.cs:line 193
   at Dapper.SqlMapper.GridReader.Read[T](Boolean buffered) in /_/Dapper/SqlMapper.GridReader.cs:line 96
   at PMS.Persistence.Repositories.EquipmentDetailsRepository.GetByEquipmentIdandClientId(Decimal Id, Decimal clientid) in e:\Dev_TFS\SBNT.SM.TECHNICAL.CORE8\SBNT.SM.TECHNICAL.CORE8\PMS.Persistence\Repositories\EquipmentDetailsRepository.cs:line 30
   at PMS.Application.Features.Equipments.Queries.GetEquipmentsListByVesselId.GetEquipmentsListByVesselIdQueryHandler.Handle(GetEquipmentsListByVesselIdQuery request, CancellationToken cancellationToken) in e:\Dev_TFS\SBNT.SM.TECHNICAL.CORE8\SBNT.SM.TECHNICAL.CORE8\PMS.Application\Features\Equipment\Queries\GetEquipmentsListByVesselId\GetEquipmentsListByVesselIdQueryHandler.cs:line 27
   at PMS.Api.Controllers.EquipmentController.GetEquipmentsListByVesselId(Decimal vesselId) in e:\Dev_TFS\SBNT.SM.TECHNICAL.CORE8\SBNT.SM.TECHNICAL.CORE8\PMS.API\Controllers\EquipmentController.cs:line 55
2024-11-09 13:18:49.948 +05:30 [ERR] An unhandled exception has occurred while executing the request.
System.Exception: System.ObjectDisposedException: The reader has been disposed; this can happen after all data has been consumed
Object name: 'Dapper.SqlMapper+GridReader'.
   at Dapper.SqlMapper.GridReader.OnBeforeGrid() in /_/Dapper/SqlMapper.GridReader.cs:line 185
   at Dapper.SqlMapper.GridReader.ReadImpl[T](Type type, Boolean buffered) in /_/Dapper/SqlMapper.GridReader.cs:line 193
   at Dapper.SqlMapper.GridReader.Read[T](Boolean buffered) in /_/Dapper/SqlMapper.GridReader.cs:line 96
   at PMS.Persistence.Repositories.VesselGroupAndVesselRepository.GetVesselGroupAndVessel(Decimal clientid, Decimal locationId, Decimal userId) in e:\Dev_TFS\SBNT.SM.TECHNICAL.CORE8\SBNT.SM.TECHNICAL.CORE8\PMS.Persistence\Repositories\VesselGroupAndVesselRepository.cs:line 42
   at PMS.Persistence.Repositories.VesselGroupAndVesselRepository.GetVesselGroupAndVessel(Decimal clientid, Decimal locationId, Decimal userId) in e:\Dev_TFS\SBNT.SM.TECHNICAL.CORE8\SBNT.SM.TECHNICAL.CORE8\PMS.Persistence\Repositories\VesselGroupAndVesselRepository.cs:line 73
   at PMS.Application.Features.VesselGroupAndVessel.Queries.GetVesselGroupAndVessellistByClientId.GetVesselGroupAndVessellistByClientIdQueryHandler.Handle(GetVesselGroupAndVessellistByClientIdQuery request, CancellationToken cancellationToken) in e:\Dev_TFS\SBNT.SM.TECHNICAL.CORE8\SBNT.SM.TECHNICAL.CORE8\PMS.Application\Features\VesselGroupAndVessel\Queries\GetVesselGroupAndVessellistByClientId\GetVesselGroupAndVessellistByClientIdQueryHandler.cs:line 24
   at PMS.Api.Controllers.VesselController.GetAllVesselByClientId() in e:\Dev_TFS\SBNT.SM.TECHNICAL.CORE8\SBNT.SM.TECHNICAL.CORE8\PMS.API\Controllers\VesselController.cs:line 25
   at lambda_method3435(Closure, Object)
   at Microsoft.AspNetCore.Mvc.Infrastructure.ActionMethodExecutor.AwaitableObjectResultExecutor.Execute(ActionContext actionContext, IActionResultTypeMapper mapper, ObjectMethodExecutor executor, Object controller, Object[] arguments)
   at Microsoft.AspNetCore.Mvc.Infrastructure.ControllerActionInvoker.<InvokeActionMethodAsync>g__Awaited|12_0(ControllerActionInvoker invoker, ValueTask`1 actionResultValueTask)
   at Microsoft.AspNetCore.Mvc.Infrastructure.ControllerActionInvoker.<InvokeNextActionFilterAsync>g__Awaited|10_0(ControllerActionInvoker invoker, Task lastTask, State next, Scope scope, Object state, Boolean isCompleted)
   at Microsoft.AspNetCore.Mvc.Infrastructure.ControllerActionInvoker.Rethrow(ActionExecutedContextSealed context)
   at Microsoft.AspNetCore.Mvc.Infrastructure.ControllerActionInvoker.Next(State& next, Scope& scope, Object& state, Boolean& isCompleted)
   at Microsoft.AspNetCore.Mvc.Infrastructure.ControllerActionInvoker.<InvokeInnerFilterAsync>g__Awaited|13_0(ControllerActionInvoker invoker, Task lastTask, State next, Scope scope, Object state, Boolean isCompleted)
   at Microsoft.AspNetCore.Mvc.Infrastructure.ResourceInvoker.<InvokeFilterPipelineAsync>g__Awaited|20_0(ResourceInvoker invoker, Task lastTask, State next, Scope scope, Object state, Boolean isCompleted)
   at Microsoft.AspNetCore.Mvc.Infrastructure.ResourceInvoker.<InvokeAsync>g__Logged|17_1(ResourceInvoker invoker)
   at Microsoft.AspNetCore.Mvc.Infrastructure.ResourceInvoker.<InvokeAsync>g__Logged|17_1(ResourceInvoker invoker)
   at Microsoft.AspNetCore.Routing.EndpointMiddleware.<Invoke>g__AwaitRequestTask|7_0(Endpoint endpoint, Task requestTask, ILogger logger)
   at Microsoft.AspNetCore.Authorization.AuthorizationMiddleware.Invoke(HttpContext context)
   at Microsoft.AspNetCore.Authentication.AuthenticationMiddleware.Invoke(HttpContext context)
   at Swashbuckle.AspNetCore.SwaggerUI.SwaggerUIMiddleware.Invoke(HttpContext httpContext)
   at Swashbuckle.AspNetCore.Swagger.SwaggerMiddleware.Invoke(HttpContext httpContext, ISwaggerProvider swaggerProvider)
   at Microsoft.AspNetCore.Diagnostics.DeveloperExceptionPageMiddlewareImpl.Invoke(HttpContext context)
2024-11-09 13:18:49.948 +05:30 [ERR] An unhandled exception has occurred while executing the request.
System.ObjectDisposedException: The reader has been disposed; this can happen after all data has been consumed
Object name: 'Dapper.SqlMapper+GridReader'.
   at Dapper.SqlMapper.GridReader.OnBeforeGrid() in /_/Dapper/SqlMapper.GridReader.cs:line 185
   at Dapper.SqlMapper.GridReader.ReadImpl[T](Type type, Boolean buffered) in /_/Dapper/SqlMapper.GridReader.cs:line 193
   at Dapper.SqlMapper.GridReader.Read[T](Boolean buffered) in /_/Dapper/SqlMapper.GridReader.cs:line 96
   at PMS.Persistence.Repositories.EquipmentDetailsRepository.GetByEquipmentIdandClientId(Decimal Id, Decimal clientid) in e:\Dev_TFS\SBNT.SM.TECHNICAL.CORE8\SBNT.SM.TECHNICAL.CORE8\PMS.Persistence\Repositories\EquipmentDetailsRepository.cs:line 30
   at PMS.Application.Features.Equipments.Queries.GetEquipmentsListByVesselId.GetEquipmentsListByVesselIdQueryHandler.Handle(GetEquipmentsListByVesselIdQuery request, CancellationToken cancellationToken) in e:\Dev_TFS\SBNT.SM.TECHNICAL.CORE8\SBNT.SM.TECHNICAL.CORE8\PMS.Application\Features\Equipment\Queries\GetEquipmentsListByVesselId\GetEquipmentsListByVesselIdQueryHandler.cs:line 27
   at PMS.Api.Controllers.EquipmentController.GetEquipmentsListByVesselId(Decimal vesselId) in e:\Dev_TFS\SBNT.SM.TECHNICAL.CORE8\SBNT.SM.TECHNICAL.CORE8\PMS.API\Controllers\EquipmentController.cs:line 55
   at lambda_method3470(Closure, Object)
   at Microsoft.AspNetCore.Mvc.Infrastructure.ActionMethodExecutor.AwaitableObjectResultExecutor.Execute(ActionContext actionContext, IActionResultTypeMapper mapper, ObjectMethodExecutor executor, Object controller, Object[] arguments)
   at Microsoft.AspNetCore.Mvc.Infrastructure.ControllerActionInvoker.<InvokeActionMethodAsync>g__Awaited|12_0(ControllerActionInvoker invoker, ValueTask`1 actionResultValueTask)
   at Microsoft.AspNetCore.Mvc.Infrastructure.ControllerActionInvoker.<InvokeNextActionFilterAsync>g__Awaited|10_0(ControllerActionInvoker invoker, Task lastTask, State next, Scope scope, Object state, Boolean isCompleted)
   at Microsoft.AspNetCore.Mvc.Infrastructure.ControllerActionInvoker.Rethrow(ActionExecutedContextSealed context)
   at Microsoft.AspNetCore.Mvc.Infrastructure.ControllerActionInvoker.Next(State& next, Scope& scope, Object& state, Boolean& isCompleted)
   at Microsoft.AspNetCore.Mvc.Infrastructure.ControllerActionInvoker.<InvokeInnerFilterAsync>g__Awaited|13_0(ControllerActionInvoker invoker, Task lastTask, State next, Scope scope, Object state, Boolean isCompleted)
   at Microsoft.AspNetCore.Mvc.Infrastructure.ResourceInvoker.<InvokeFilterPipelineAsync>g__Awaited|20_0(ResourceInvoker invoker, Task lastTask, State next, Scope scope, Object state, Boolean isCompleted)
   at Microsoft.AspNetCore.Mvc.Infrastructure.ResourceInvoker.<InvokeAsync>g__Logged|17_1(ResourceInvoker invoker)
   at Microsoft.AspNetCore.Mvc.Infrastructure.ResourceInvoker.<InvokeAsync>g__Logged|17_1(ResourceInvoker invoker)
   at Microsoft.AspNetCore.Routing.EndpointMiddleware.<Invoke>g__AwaitRequestTask|7_0(Endpoint endpoint, Task requestTask, ILogger logger)
   at Microsoft.AspNetCore.Authorization.AuthorizationMiddleware.Invoke(HttpContext context)
   at Microsoft.AspNetCore.Authentication.AuthenticationMiddleware.Invoke(HttpContext context)
   at Swashbuckle.AspNetCore.SwaggerUI.SwaggerUIMiddleware.Invoke(HttpContext httpContext)
   at Swashbuckle.AspNetCore.Swagger.SwaggerMiddleware.Invoke(HttpContext httpContext, ISwaggerProvider swaggerProvider)
   at Microsoft.AspNetCore.Diagnostics.DeveloperExceptionPageMiddlewareImpl.Invoke(HttpContext context)
2024-11-09 13:19:03.526 +05:30 [ERR] An error occurred while fetching equipment details.
System.ObjectDisposedException: The reader has been disposed; this can happen after all data has been consumed
Object name: 'Dapper.SqlMapper+GridReader'.
   at Dapper.SqlMapper.GridReader.OnBeforeGrid() in /_/Dapper/SqlMapper.GridReader.cs:line 185
   at Dapper.SqlMapper.GridReader.ReadImpl[T](Type type, Boolean buffered) in /_/Dapper/SqlMapper.GridReader.cs:line 193
   at Dapper.SqlMapper.GridReader.Read[T](Boolean buffered) in /_/Dapper/SqlMapper.GridReader.cs:line 96
   at PMS.Persistence.Repositories.EquipmentDetailsRepository.GetByEquipmentIdandClientId(Decimal Id, Decimal clientid) in e:\Dev_TFS\SBNT.SM.TECHNICAL.CORE8\SBNT.SM.TECHNICAL.CORE8\PMS.Persistence\Repositories\EquipmentDetailsRepository.cs:line 30
   at PMS.Application.Features.Equipments.Queries.GetEquipmentsListByVesselId.GetEquipmentsListByVesselIdQueryHandler.Handle(GetEquipmentsListByVesselIdQuery request, CancellationToken cancellationToken) in e:\Dev_TFS\SBNT.SM.TECHNICAL.CORE8\SBNT.SM.TECHNICAL.CORE8\PMS.Application\Features\Equipment\Queries\GetEquipmentsListByVesselId\GetEquipmentsListByVesselIdQueryHandler.cs:line 27
   at PMS.Api.Controllers.EquipmentController.GetEquipmentsListByVesselId(Decimal vesselId) in e:\Dev_TFS\SBNT.SM.TECHNICAL.CORE8\SBNT.SM.TECHNICAL.CORE8\PMS.API\Controllers\EquipmentController.cs:line 55
2024-11-09 13:19:04.072 +05:30 [ERR] An unhandled exception has occurred while executing the request.
System.Exception: System.ObjectDisposedException: The reader has been disposed; this can happen after all data has been consumed
Object name: 'Dapper.SqlMapper+GridReader'.
   at Dapper.SqlMapper.GridReader.OnBeforeGrid() in /_/Dapper/SqlMapper.GridReader.cs:line 185
   at Dapper.SqlMapper.GridReader.ReadImpl[T](Type type, Boolean buffered) in /_/Dapper/SqlMapper.GridReader.cs:line 193
   at Dapper.SqlMapper.GridReader.Read[T](Boolean buffered) in /_/Dapper/SqlMapper.GridReader.cs:line 96
   at PMS.Persistence.Repositories.VesselGroupAndVesselRepository.GetVesselGroupAndVessel(Decimal clientid, Decimal locationId, Decimal userId) in e:\Dev_TFS\SBNT.SM.TECHNICAL.CORE8\SBNT.SM.TECHNICAL.CORE8\PMS.Persistence\Repositories\VesselGroupAndVesselRepository.cs:line 42
   at PMS.Persistence.Repositories.VesselGroupAndVesselRepository.GetVesselGroupAndVessel(Decimal clientid, Decimal locationId, Decimal userId) in e:\Dev_TFS\SBNT.SM.TECHNICAL.CORE8\SBNT.SM.TECHNICAL.CORE8\PMS.Persistence\Repositories\VesselGroupAndVesselRepository.cs:line 73
   at PMS.Application.Features.VesselGroupAndVessel.Queries.GetVesselGroupAndVessellistByClientId.GetVesselGroupAndVessellistByClientIdQueryHandler.Handle(GetVesselGroupAndVessellistByClientIdQuery request, CancellationToken cancellationToken) in e:\Dev_TFS\SBNT.SM.TECHNICAL.CORE8\SBNT.SM.TECHNICAL.CORE8\PMS.Application\Features\VesselGroupAndVessel\Queries\GetVesselGroupAndVessellistByClientId\GetVesselGroupAndVessellistByClientIdQueryHandler.cs:line 24
   at PMS.Api.Controllers.VesselController.GetAllVesselByClientId() in e:\Dev_TFS\SBNT.SM.TECHNICAL.CORE8\SBNT.SM.TECHNICAL.CORE8\PMS.API\Controllers\VesselController.cs:line 25
   at lambda_method3435(Closure, Object)
   at Microsoft.AspNetCore.Mvc.Infrastructure.ActionMethodExecutor.AwaitableObjectResultExecutor.Execute(ActionContext actionContext, IActionResultTypeMapper mapper, ObjectMethodExecutor executor, Object controller, Object[] arguments)
   at Microsoft.AspNetCore.Mvc.Infrastructure.ControllerActionInvoker.<InvokeActionMethodAsync>g__Awaited|12_0(ControllerActionInvoker invoker, ValueTask`1 actionResultValueTask)
   at Microsoft.AspNetCore.Mvc.Infrastructure.ControllerActionInvoker.<InvokeNextActionFilterAsync>g__Awaited|10_0(ControllerActionInvoker invoker, Task lastTask, State next, Scope scope, Object state, Boolean isCompleted)
   at Microsoft.AspNetCore.Mvc.Infrastructure.ControllerActionInvoker.Rethrow(ActionExecutedContextSealed context)
   at Microsoft.AspNetCore.Mvc.Infrastructure.ControllerActionInvoker.Next(State& next, Scope& scope, Object& state, Boolean& isCompleted)
   at Microsoft.AspNetCore.Mvc.Infrastructure.ControllerActionInvoker.<InvokeInnerFilterAsync>g__Awaited|13_0(ControllerActionInvoker invoker, Task lastTask, State next, Scope scope, Object state, Boolean isCompleted)
   at Microsoft.AspNetCore.Mvc.Infrastructure.ResourceInvoker.<InvokeFilterPipelineAsync>g__Awaited|20_0(ResourceInvoker invoker, Task lastTask, State next, Scope scope, Object state, Boolean isCompleted)
   at Microsoft.AspNetCore.Mvc.Infrastructure.ResourceInvoker.<InvokeAsync>g__Logged|17_1(ResourceInvoker invoker)
   at Microsoft.AspNetCore.Mvc.Infrastructure.ResourceInvoker.<InvokeAsync>g__Logged|17_1(ResourceInvoker invoker)
   at Microsoft.AspNetCore.Routing.EndpointMiddleware.<Invoke>g__AwaitRequestTask|7_0(Endpoint endpoint, Task requestTask, ILogger logger)
   at Microsoft.AspNetCore.Authorization.AuthorizationMiddleware.Invoke(HttpContext context)
   at Microsoft.AspNetCore.Authentication.AuthenticationMiddleware.Invoke(HttpContext context)
   at Swashbuckle.AspNetCore.SwaggerUI.SwaggerUIMiddleware.Invoke(HttpContext httpContext)
   at Swashbuckle.AspNetCore.Swagger.SwaggerMiddleware.Invoke(HttpContext httpContext, ISwaggerProvider swaggerProvider)
   at Microsoft.AspNetCore.Diagnostics.DeveloperExceptionPageMiddlewareImpl.Invoke(HttpContext context)
2024-11-09 13:19:04.073 +05:30 [ERR] An unhandled exception has occurred while executing the request.
System.ObjectDisposedException: The reader has been disposed; this can happen after all data has been consumed
Object name: 'Dapper.SqlMapper+GridReader'.
   at Dapper.SqlMapper.GridReader.OnBeforeGrid() in /_/Dapper/SqlMapper.GridReader.cs:line 185
   at Dapper.SqlMapper.GridReader.ReadImpl[T](Type type, Boolean buffered) in /_/Dapper/SqlMapper.GridReader.cs:line 193
   at Dapper.SqlMapper.GridReader.Read[T](Boolean buffered) in /_/Dapper/SqlMapper.GridReader.cs:line 96
   at PMS.Persistence.Repositories.EquipmentDetailsRepository.GetByEquipmentIdandClientId(Decimal Id, Decimal clientid) in e:\Dev_TFS\SBNT.SM.TECHNICAL.CORE8\SBNT.SM.TECHNICAL.CORE8\PMS.Persistence\Repositories\EquipmentDetailsRepository.cs:line 30
   at PMS.Application.Features.Equipments.Queries.GetEquipmentsListByVesselId.GetEquipmentsListByVesselIdQueryHandler.Handle(GetEquipmentsListByVesselIdQuery request, CancellationToken cancellationToken) in e:\Dev_TFS\SBNT.SM.TECHNICAL.CORE8\SBNT.SM.TECHNICAL.CORE8\PMS.Application\Features\Equipment\Queries\GetEquipmentsListByVesselId\GetEquipmentsListByVesselIdQueryHandler.cs:line 27
   at PMS.Api.Controllers.EquipmentController.GetEquipmentsListByVesselId(Decimal vesselId) in e:\Dev_TFS\SBNT.SM.TECHNICAL.CORE8\SBNT.SM.TECHNICAL.CORE8\PMS.API\Controllers\EquipmentController.cs:line 55
   at lambda_method3470(Closure, Object)
   at Microsoft.AspNetCore.Mvc.Infrastructure.ActionMethodExecutor.AwaitableObjectResultExecutor.Execute(ActionContext actionContext, IActionResultTypeMapper mapper, ObjectMethodExecutor executor, Object controller, Object[] arguments)
   at Microsoft.AspNetCore.Mvc.Infrastructure.ControllerActionInvoker.<InvokeActionMethodAsync>g__Awaited|12_0(ControllerActionInvoker invoker, ValueTask`1 actionResultValueTask)
   at Microsoft.AspNetCore.Mvc.Infrastructure.ControllerActionInvoker.<InvokeNextActionFilterAsync>g__Awaited|10_0(ControllerActionInvoker invoker, Task lastTask, State next, Scope scope, Object state, Boolean isCompleted)
   at Microsoft.AspNetCore.Mvc.Infrastructure.ControllerActionInvoker.Rethrow(ActionExecutedContextSealed context)
   at Microsoft.AspNetCore.Mvc.Infrastructure.ControllerActionInvoker.Next(State& next, Scope& scope, Object& state, Boolean& isCompleted)
   at Microsoft.AspNetCore.Mvc.Infrastructure.ControllerActionInvoker.<InvokeInnerFilterAsync>g__Awaited|13_0(ControllerActionInvoker invoker, Task lastTask, State next, Scope scope, Object state, Boolean isCompleted)
   at Microsoft.AspNetCore.Mvc.Infrastructure.ResourceInvoker.<InvokeFilterPipelineAsync>g__Awaited|20_0(ResourceInvoker invoker, Task lastTask, State next, Scope scope, Object state, Boolean isCompleted)
   at Microsoft.AspNetCore.Mvc.Infrastructure.ResourceInvoker.<InvokeAsync>g__Logged|17_1(ResourceInvoker invoker)
   at Microsoft.AspNetCore.Mvc.Infrastructure.ResourceInvoker.<InvokeAsync>g__Logged|17_1(ResourceInvoker invoker)
   at Microsoft.AspNetCore.Routing.EndpointMiddleware.<Invoke>g__AwaitRequestTask|7_0(Endpoint endpoint, Task requestTask, ILogger logger)
   at Microsoft.AspNetCore.Authorization.AuthorizationMiddleware.Invoke(HttpContext context)
   at Microsoft.AspNetCore.Authentication.AuthenticationMiddleware.Invoke(HttpContext context)
   at Swashbuckle.AspNetCore.SwaggerUI.SwaggerUIMiddleware.Invoke(HttpContext httpContext)
   at Swashbuckle.AspNetCore.Swagger.SwaggerMiddleware.Invoke(HttpContext httpContext, ISwaggerProvider swaggerProvider)
   at Microsoft.AspNetCore.Diagnostics.DeveloperExceptionPageMiddlewareImpl.Invoke(HttpContext context)
2024-11-09 13:19:24.434 +05:30 [ERR] An error occurred while fetching equipment details.
System.InvalidOperationException: Invalid attempt to call NextResult when reader is closed.
   at Microsoft.Data.SqlClient.SqlDataReader.TryNextResult(Boolean& more)
   at Microsoft.Data.SqlClient.SqlDataReader.NextResult()
   at Dapper.SqlMapper.GridReader.OnAfterGrid(Int32 index) in /_/Dapper/SqlMapper.GridReader.cs:line 450
   at Dapper.SqlMapper.GridReader.ReadDeferred[T](Int32 index, Func`2 deserializer, Type effectiveType)+<>m__Finally1() in /_/Dapper/SqlMapper.GridReader.cs:line 404
   at Dapper.SqlMapper.GridReader.ReadDeferred[T](Int32 index, Func`2 deserializer, Type effectiveType)+System.IDisposable.Dispose()
   at Dapper.SqlMapper.GridReader.ReadDeferred[T](Int32 index, Func`2 deserializer, Type effectiveType)+MoveNext() in /_/Dapper/SqlMapper.GridReader.cs:line 406
   at System.Collections.Generic.List`1..ctor(IEnumerable`1 collection)
   at System.Linq.Enumerable.ToList[TSource](IEnumerable`1 source)
   at Dapper.SqlMapper.GridReader.ReadImpl[T](Type type, Boolean buffered) in /_/Dapper/SqlMapper.GridReader.cs:line 205
   at Dapper.SqlMapper.GridReader.Read[T](Boolean buffered) in /_/Dapper/SqlMapper.GridReader.cs:line 96
   at PMS.Persistence.Repositories.EquipmentDetailsRepository.GetByEquipmentIdandClientId(Decimal Id, Decimal clientid) in e:\Dev_TFS\SBNT.SM.TECHNICAL.CORE8\SBNT.SM.TECHNICAL.CORE8\PMS.Persistence\Repositories\EquipmentDetailsRepository.cs:line 30
   at PMS.Application.Features.Equipments.Queries.GetEquipmentsListByVesselId.GetEquipmentsListByVesselIdQueryHandler.Handle(GetEquipmentsListByVesselIdQuery request, CancellationToken cancellationToken) in e:\Dev_TFS\SBNT.SM.TECHNICAL.CORE8\SBNT.SM.TECHNICAL.CORE8\PMS.Application\Features\Equipment\Queries\GetEquipmentsListByVesselId\GetEquipmentsListByVesselIdQueryHandler.cs:line 27
   at PMS.Api.Controllers.EquipmentController.GetEquipmentsListByVesselId(Decimal vesselId) in e:\Dev_TFS\SBNT.SM.TECHNICAL.CORE8\SBNT.SM.TECHNICAL.CORE8\PMS.API\Controllers\EquipmentController.cs:line 55
2024-11-09 13:19:24.580 +05:30 [ERR] An unhandled exception has occurred while executing the request.
System.InvalidOperationException: Invalid attempt to call NextResult when reader is closed.
   at Microsoft.Data.SqlClient.SqlDataReader.TryNextResult(Boolean& more)
   at Microsoft.Data.SqlClient.SqlDataReader.NextResult()
   at Dapper.SqlMapper.GridReader.OnAfterGrid(Int32 index) in /_/Dapper/SqlMapper.GridReader.cs:line 450
   at Dapper.SqlMapper.GridReader.ReadDeferred[T](Int32 index, Func`2 deserializer, Type effectiveType)+<>m__Finally1() in /_/Dapper/SqlMapper.GridReader.cs:line 404
   at Dapper.SqlMapper.GridReader.ReadDeferred[T](Int32 index, Func`2 deserializer, Type effectiveType)+System.IDisposable.Dispose()
   at Dapper.SqlMapper.GridReader.ReadDeferred[T](Int32 index, Func`2 deserializer, Type effectiveType)+MoveNext() in /_/Dapper/SqlMapper.GridReader.cs:line 406
   at System.Collections.Generic.List`1..ctor(IEnumerable`1 collection)
   at System.Linq.Enumerable.ToList[TSource](IEnumerable`1 source)
   at Dapper.SqlMapper.GridReader.ReadImpl[T](Type type, Boolean buffered) in /_/Dapper/SqlMapper.GridReader.cs:line 205
   at Dapper.SqlMapper.GridReader.Read[T](Boolean buffered) in /_/Dapper/SqlMapper.GridReader.cs:line 96
   at PMS.Persistence.Repositories.EquipmentDetailsRepository.GetByEquipmentIdandClientId(Decimal Id, Decimal clientid) in e:\Dev_TFS\SBNT.SM.TECHNICAL.CORE8\SBNT.SM.TECHNICAL.CORE8\PMS.Persistence\Repositories\EquipmentDetailsRepository.cs:line 30
   at PMS.Application.Features.Equipments.Queries.GetEquipmentsListByVesselId.GetEquipmentsListByVesselIdQueryHandler.Handle(GetEquipmentsListByVesselIdQuery request, CancellationToken cancellationToken) in e:\Dev_TFS\SBNT.SM.TECHNICAL.CORE8\SBNT.SM.TECHNICAL.CORE8\PMS.Application\Features\Equipment\Queries\GetEquipmentsListByVesselId\GetEquipmentsListByVesselIdQueryHandler.cs:line 27
   at PMS.Api.Controllers.EquipmentController.GetEquipmentsListByVesselId(Decimal vesselId) in e:\Dev_TFS\SBNT.SM.TECHNICAL.CORE8\SBNT.SM.TECHNICAL.CORE8\PMS.API\Controllers\EquipmentController.cs:line 55
   at lambda_method3470(Closure, Object)
   at Microsoft.AspNetCore.Mvc.Infrastructure.ActionMethodExecutor.AwaitableObjectResultExecutor.Execute(ActionContext actionContext, IActionResultTypeMapper mapper, ObjectMethodExecutor executor, Object controller, Object[] arguments)
   at Microsoft.AspNetCore.Mvc.Infrastructure.ControllerActionInvoker.<InvokeActionMethodAsync>g__Awaited|12_0(ControllerActionInvoker invoker, ValueTask`1 actionResultValueTask)
   at Microsoft.AspNetCore.Mvc.Infrastructure.ControllerActionInvoker.<InvokeNextActionFilterAsync>g__Awaited|10_0(ControllerActionInvoker invoker, Task lastTask, State next, Scope scope, Object state, Boolean isCompleted)
   at Microsoft.AspNetCore.Mvc.Infrastructure.ControllerActionInvoker.Rethrow(ActionExecutedContextSealed context)
   at Microsoft.AspNetCore.Mvc.Infrastructure.ControllerActionInvoker.Next(State& next, Scope& scope, Object& state, Boolean& isCompleted)
   at Microsoft.AspNetCore.Mvc.Infrastructure.ControllerActionInvoker.<InvokeInnerFilterAsync>g__Awaited|13_0(ControllerActionInvoker invoker, Task lastTask, State next, Scope scope, Object state, Boolean isCompleted)
   at Microsoft.AspNetCore.Mvc.Infrastructure.ResourceInvoker.<InvokeFilterPipelineAsync>g__Awaited|20_0(ResourceInvoker invoker, Task lastTask, State next, Scope scope, Object state, Boolean isCompleted)
   at Microsoft.AspNetCore.Mvc.Infrastructure.ResourceInvoker.<InvokeAsync>g__Logged|17_1(ResourceInvoker invoker)
   at Microsoft.AspNetCore.Mvc.Infrastructure.ResourceInvoker.<InvokeAsync>g__Logged|17_1(ResourceInvoker invoker)
   at Microsoft.AspNetCore.Routing.EndpointMiddleware.<Invoke>g__AwaitRequestTask|7_0(Endpoint endpoint, Task requestTask, ILogger logger)
   at Microsoft.AspNetCore.Authorization.AuthorizationMiddleware.Invoke(HttpContext context)
   at Microsoft.AspNetCore.Authentication.AuthenticationMiddleware.Invoke(HttpContext context)
   at Swashbuckle.AspNetCore.SwaggerUI.SwaggerUIMiddleware.Invoke(HttpContext httpContext)
   at Swashbuckle.AspNetCore.Swagger.SwaggerMiddleware.Invoke(HttpContext httpContext, ISwaggerProvider swaggerProvider)
   at Microsoft.AspNetCore.Diagnostics.DeveloperExceptionPageMiddlewareImpl.Invoke(HttpContext context)
2024-11-09 14:28:05.994 +05:30 [ERR] An unhandled exception has occurred while executing the request.
System.Exception: System.ObjectDisposedException: The reader has been disposed; this can happen after all data has been consumed
Object name: 'Dapper.SqlMapper+GridReader'.
   at Dapper.SqlMapper.GridReader.OnBeforeGrid() in /_/Dapper/SqlMapper.GridReader.cs:line 185
   at Dapper.SqlMapper.GridReader.ReadImpl[T](Type type, Boolean buffered) in /_/Dapper/SqlMapper.GridReader.cs:line 193
   at Dapper.SqlMapper.GridReader.Read[T](Boolean buffered) in /_/Dapper/SqlMapper.GridReader.cs:line 96
   at PMS.Persistence.Repositories.VesselGroupAndVesselRepository.GetVesselGroupAndVessel(Decimal clientid, Decimal locationId, Decimal userId) in e:\Dev_TFS\SBNT.SM.TECHNICAL.CORE8\SBNT.SM.TECHNICAL.CORE8\PMS.Persistence\Repositories\VesselGroupAndVesselRepository.cs:line 42
   at PMS.Persistence.Repositories.VesselGroupAndVesselRepository.GetVesselGroupAndVessel(Decimal clientid, Decimal locationId, Decimal userId) in e:\Dev_TFS\SBNT.SM.TECHNICAL.CORE8\SBNT.SM.TECHNICAL.CORE8\PMS.Persistence\Repositories\VesselGroupAndVesselRepository.cs:line 73
   at PMS.Application.Features.VesselGroupAndVessel.Queries.GetVesselGroupAndVessellistByClientId.GetVesselGroupAndVessellistByClientIdQueryHandler.Handle(GetVesselGroupAndVessellistByClientIdQuery request, CancellationToken cancellationToken) in e:\Dev_TFS\SBNT.SM.TECHNICAL.CORE8\SBNT.SM.TECHNICAL.CORE8\PMS.Application\Features\VesselGroupAndVessel\Queries\GetVesselGroupAndVessellistByClientId\GetVesselGroupAndVessellistByClientIdQueryHandler.cs:line 24
   at PMS.Api.Controllers.VesselController.GetAllVesselByClientId() in e:\Dev_TFS\SBNT.SM.TECHNICAL.CORE8\SBNT.SM.TECHNICAL.CORE8\PMS.API\Controllers\VesselController.cs:line 25
   at lambda_method3435(Closure, Object)
   at Microsoft.AspNetCore.Mvc.Infrastructure.ActionMethodExecutor.AwaitableObjectResultExecutor.Execute(ActionContext actionContext, IActionResultTypeMapper mapper, ObjectMethodExecutor executor, Object controller, Object[] arguments)
   at Microsoft.AspNetCore.Mvc.Infrastructure.ControllerActionInvoker.<InvokeActionMethodAsync>g__Awaited|12_0(ControllerActionInvoker invoker, ValueTask`1 actionResultValueTask)
   at Microsoft.AspNetCore.Mvc.Infrastructure.ControllerActionInvoker.<InvokeNextActionFilterAsync>g__Awaited|10_0(ControllerActionInvoker invoker, Task lastTask, State next, Scope scope, Object state, Boolean isCompleted)
   at Microsoft.AspNetCore.Mvc.Infrastructure.ControllerActionInvoker.Rethrow(ActionExecutedContextSealed context)
   at Microsoft.AspNetCore.Mvc.Infrastructure.ControllerActionInvoker.Next(State& next, Scope& scope, Object& state, Boolean& isCompleted)
   at Microsoft.AspNetCore.Mvc.Infrastructure.ControllerActionInvoker.<InvokeInnerFilterAsync>g__Awaited|13_0(ControllerActionInvoker invoker, Task lastTask, State next, Scope scope, Object state, Boolean isCompleted)
   at Microsoft.AspNetCore.Mvc.Infrastructure.ResourceInvoker.<InvokeFilterPipelineAsync>g__Awaited|20_0(ResourceInvoker invoker, Task lastTask, State next, Scope scope, Object state, Boolean isCompleted)
   at Microsoft.AspNetCore.Mvc.Infrastructure.ResourceInvoker.<InvokeAsync>g__Logged|17_1(ResourceInvoker invoker)
   at Microsoft.AspNetCore.Mvc.Infrastructure.ResourceInvoker.<InvokeAsync>g__Logged|17_1(ResourceInvoker invoker)
   at Microsoft.AspNetCore.Routing.EndpointMiddleware.<Invoke>g__AwaitRequestTask|7_0(Endpoint endpoint, Task requestTask, ILogger logger)
   at Microsoft.AspNetCore.Authorization.AuthorizationMiddleware.Invoke(HttpContext context)
   at Microsoft.AspNetCore.Authentication.AuthenticationMiddleware.Invoke(HttpContext context)
   at Swashbuckle.AspNetCore.SwaggerUI.SwaggerUIMiddleware.Invoke(HttpContext httpContext)
   at Swashbuckle.AspNetCore.Swagger.SwaggerMiddleware.Invoke(HttpContext httpContext, ISwaggerProvider swaggerProvider)
   at Microsoft.AspNetCore.Diagnostics.DeveloperExceptionPageMiddlewareImpl.Invoke(HttpContext context)
2024-11-09 14:38:04.165 +05:30 [ERR] An error occurred while fetching equipment details.
System.ObjectDisposedException: The reader has been disposed; this can happen after all data has been consumed
Object name: 'Dapper.SqlMapper+GridReader'.
   at Dapper.SqlMapper.GridReader.ReadImpl[T](Type type, Boolean buffered) in /_/Dapper/SqlMapper.GridReader.cs:line 193
   at PMS.Persistence.Repositories.EquipmentDetailsRepository.GetByEquipmentIdandClientId(Decimal Id, Decimal clientid) in e:\Dev_TFS\SBNT.SM.TECHNICAL.CORE8\SBNT.SM.TECHNICAL.CORE8\PMS.Persistence\Repositories\EquipmentDetailsRepository.cs:line 30
   at PMS.Application.Features.Equipments.Queries.GetEquipmentsListByVesselId.GetEquipmentsListByVesselIdQueryHandler.Handle(GetEquipmentsListByVesselIdQuery request, CancellationToken cancellationToken) in e:\Dev_TFS\SBNT.SM.TECHNICAL.CORE8\SBNT.SM.TECHNICAL.CORE8\PMS.Application\Features\Equipment\Queries\GetEquipmentsListByVesselId\GetEquipmentsListByVesselIdQueryHandler.cs:line 27
   at PMS.Api.Controllers.EquipmentController.GetEquipmentsListByVesselId(Decimal vesselId) in e:\Dev_TFS\SBNT.SM.TECHNICAL.CORE8\SBNT.SM.TECHNICAL.CORE8\PMS.API\Controllers\EquipmentController.cs:line 55
2024-11-09 14:38:04.311 +05:30 [ERR] An unhandled exception has occurred while executing the request.
System.ObjectDisposedException: The reader has been disposed; this can happen after all data has been consumed
Object name: 'Dapper.SqlMapper+GridReader'.
   at Dapper.SqlMapper.GridReader.ReadImpl[T](Type type, Boolean buffered) in /_/Dapper/SqlMapper.GridReader.cs:line 193
   at PMS.Persistence.Repositories.EquipmentDetailsRepository.GetByEquipmentIdandClientId(Decimal Id, Decimal clientid) in e:\Dev_TFS\SBNT.SM.TECHNICAL.CORE8\SBNT.SM.TECHNICAL.CORE8\PMS.Persistence\Repositories\EquipmentDetailsRepository.cs:line 30
   at PMS.Application.Features.Equipments.Queries.GetEquipmentsListByVesselId.GetEquipmentsListByVesselIdQueryHandler.Handle(GetEquipmentsListByVesselIdQuery request, CancellationToken cancellationToken) in e:\Dev_TFS\SBNT.SM.TECHNICAL.CORE8\SBNT.SM.TECHNICAL.CORE8\PMS.Application\Features\Equipment\Queries\GetEquipmentsListByVesselId\GetEquipmentsListByVesselIdQueryHandler.cs:line 27
   at PMS.Api.Controllers.EquipmentController.GetEquipmentsListByVesselId(Decimal vesselId) in e:\Dev_TFS\SBNT.SM.TECHNICAL.CORE8\SBNT.SM.TECHNICAL.CORE8\PMS.API\Controllers\EquipmentController.cs:line 55
   at lambda_method3470(Closure, Object)
   at Microsoft.AspNetCore.Mvc.Infrastructure.ActionMethodExecutor.AwaitableObjectResultExecutor.Execute(ActionContext actionContext, IActionResultTypeMapper mapper, ObjectMethodExecutor executor, Object controller, Object[] arguments)
   at Microsoft.AspNetCore.Mvc.Infrastructure.ControllerActionInvoker.<InvokeActionMethodAsync>g__Awaited|12_0(ControllerActionInvoker invoker, ValueTask`1 actionResultValueTask)
   at Microsoft.AspNetCore.Mvc.Infrastructure.ControllerActionInvoker.<InvokeNextActionFilterAsync>g__Awaited|10_0(ControllerActionInvoker invoker, Task lastTask, State next, Scope scope, Object state, Boolean isCompleted)
   at Microsoft.AspNetCore.Mvc.Infrastructure.ControllerActionInvoker.Rethrow(ActionExecutedContextSealed context)
   at Microsoft.AspNetCore.Mvc.Infrastructure.ControllerActionInvoker.Next(State& next, Scope& scope, Object& state, Boolean& isCompleted)
   at Microsoft.AspNetCore.Mvc.Infrastructure.ControllerActionInvoker.<InvokeInnerFilterAsync>g__Awaited|13_0(ControllerActionInvoker invoker, Task lastTask, State next, Scope scope, Object state, Boolean isCompleted)
   at Microsoft.AspNetCore.Mvc.Infrastructure.ResourceInvoker.<InvokeFilterPipelineAsync>g__Awaited|20_0(ResourceInvoker invoker, Task lastTask, State next, Scope scope, Object state, Boolean isCompleted)
   at Microsoft.AspNetCore.Mvc.Infrastructure.ResourceInvoker.<InvokeAsync>g__Logged|17_1(ResourceInvoker invoker)
   at Microsoft.AspNetCore.Mvc.Infrastructure.ResourceInvoker.<InvokeAsync>g__Logged|17_1(ResourceInvoker invoker)
   at Microsoft.AspNetCore.Routing.EndpointMiddleware.<Invoke>g__AwaitRequestTask|7_0(Endpoint endpoint, Task requestTask, ILogger logger)
   at Microsoft.AspNetCore.Authorization.AuthorizationMiddleware.Invoke(HttpContext context)
   at Microsoft.AspNetCore.Authentication.AuthenticationMiddleware.Invoke(HttpContext context)
   at Swashbuckle.AspNetCore.SwaggerUI.SwaggerUIMiddleware.Invoke(HttpContext httpContext)
   at Swashbuckle.AspNetCore.Swagger.SwaggerMiddleware.Invoke(HttpContext httpContext, ISwaggerProvider swaggerProvider)
   at Microsoft.AspNetCore.Diagnostics.DeveloperExceptionPageMiddlewareImpl.Invoke(HttpContext context)
2024-11-09 14:52:16.338 +05:30 [ERR] An unhandled exception has occurred while executing the request.
System.Exception: System.ObjectDisposedException: The reader has been disposed; this can happen after all data has been consumed
Object name: 'Dapper.SqlMapper+GridReader'.
   at Dapper.SqlMapper.GridReader.ReadImpl[T](Type type, Boolean buffered) in /_/Dapper/SqlMapper.GridReader.cs:line 193
   at PMS.Persistence.Repositories.VesselGroupAndVesselRepository.GetVesselGroupAndVessel(Decimal clientid, Decimal locationId, Decimal userId) in e:\Dev_TFS\SBNT.SM.TECHNICAL.CORE8\SBNT.SM.TECHNICAL.CORE8\PMS.Persistence\Repositories\VesselGroupAndVesselRepository.cs:line 42
   at PMS.Persistence.Repositories.VesselGroupAndVesselRepository.GetVesselGroupAndVessel(Decimal clientid, Decimal locationId, Decimal userId) in e:\Dev_TFS\SBNT.SM.TECHNICAL.CORE8\SBNT.SM.TECHNICAL.CORE8\PMS.Persistence\Repositories\VesselGroupAndVesselRepository.cs:line 73
   at PMS.Application.Features.VesselGroupAndVessel.Queries.GetVesselGroupAndVessellistByClientId.GetVesselGroupAndVessellistByClientIdQueryHandler.Handle(GetVesselGroupAndVessellistByClientIdQuery request, CancellationToken cancellationToken) in e:\Dev_TFS\SBNT.SM.TECHNICAL.CORE8\SBNT.SM.TECHNICAL.CORE8\PMS.Application\Features\VesselGroupAndVessel\Queries\GetVesselGroupAndVessellistByClientId\GetVesselGroupAndVessellistByClientIdQueryHandler.cs:line 24
   at PMS.Api.Controllers.VesselController.GetAllVesselByClientId() in e:\Dev_TFS\SBNT.SM.TECHNICAL.CORE8\SBNT.SM.TECHNICAL.CORE8\PMS.API\Controllers\VesselController.cs:line 25
   at lambda_method3435(Closure, Object)
   at Microsoft.AspNetCore.Mvc.Infrastructure.ActionMethodExecutor.AwaitableObjectResultExecutor.Execute(ActionContext actionContext, IActionResultTypeMapper mapper, ObjectMethodExecutor executor, Object controller, Object[] arguments)
   at Microsoft.AspNetCore.Mvc.Infrastructure.ControllerActionInvoker.<InvokeActionMethodAsync>g__Awaited|12_0(ControllerActionInvoker invoker, ValueTask`1 actionResultValueTask)
   at Microsoft.AspNetCore.Mvc.Infrastructure.ControllerActionInvoker.<InvokeNextActionFilterAsync>g__Awaited|10_0(ControllerActionInvoker invoker, Task lastTask, State next, Scope scope, Object state, Boolean isCompleted)
   at Microsoft.AspNetCore.Mvc.Infrastructure.ControllerActionInvoker.Rethrow(ActionExecutedContextSealed context)
   at Microsoft.AspNetCore.Mvc.Infrastructure.ControllerActionInvoker.Next(State& next, Scope& scope, Object& state, Boolean& isCompleted)
   at Microsoft.AspNetCore.Mvc.Infrastructure.ControllerActionInvoker.<InvokeInnerFilterAsync>g__Awaited|13_0(ControllerActionInvoker invoker, Task lastTask, State next, Scope scope, Object state, Boolean isCompleted)
   at Microsoft.AspNetCore.Mvc.Infrastructure.ResourceInvoker.<InvokeFilterPipelineAsync>g__Awaited|20_0(ResourceInvoker invoker, Task lastTask, State next, Scope scope, Object state, Boolean isCompleted)
   at Microsoft.AspNetCore.Mvc.Infrastructure.ResourceInvoker.<InvokeAsync>g__Logged|17_1(ResourceInvoker invoker)
   at Microsoft.AspNetCore.Mvc.Infrastructure.ResourceInvoker.<InvokeAsync>g__Logged|17_1(ResourceInvoker invoker)
   at Microsoft.AspNetCore.Routing.EndpointMiddleware.<Invoke>g__AwaitRequestTask|7_0(Endpoint endpoint, Task requestTask, ILogger logger)
   at Microsoft.AspNetCore.Authorization.AuthorizationMiddleware.Invoke(HttpContext context)
   at Microsoft.AspNetCore.Authentication.AuthenticationMiddleware.Invoke(HttpContext context)
   at Swashbuckle.AspNetCore.SwaggerUI.SwaggerUIMiddleware.Invoke(HttpContext httpContext)
   at Swashbuckle.AspNetCore.Swagger.SwaggerMiddleware.Invoke(HttpContext httpContext, ISwaggerProvider swaggerProvider)
   at Microsoft.AspNetCore.Diagnostics.DeveloperExceptionPageMiddlewareImpl.Invoke(HttpContext context)
2024-11-09 14:52:32.477 +05:30 [ERR] An error occurred while fetching equipment details.
System.InvalidOperationException: Invalid attempt to call NextResult when reader is closed.
   at Microsoft.Data.SqlClient.SqlDataReader.TryNextResult(Boolean& more)
   at Microsoft.Data.SqlClient.SqlDataReader.NextResult()
   at Dapper.SqlMapper.GridReader.OnAfterGrid(Int32 index) in /_/Dapper/SqlMapper.GridReader.cs:line 450
   at Dapper.SqlMapper.GridReader.ReadDeferred[T](Int32 index, Func`2 deserializer, Type effectiveType)+<>m__Finally1() in /_/Dapper/SqlMapper.GridReader.cs:line 404
   at Dapper.SqlMapper.GridReader.ReadDeferred[T](Int32 index, Func`2 deserializer, Type effectiveType)+System.IDisposable.Dispose()
   at Dapper.SqlMapper.GridReader.ReadDeferred[T](Int32 index, Func`2 deserializer, Type effectiveType)+MoveNext() in /_/Dapper/SqlMapper.GridReader.cs:line 406
   at System.Collections.Generic.List`1..ctor(IEnumerable`1 collection)
   at System.Linq.Enumerable.ToList[TSource](IEnumerable`1 source)
   at Dapper.SqlMapper.GridReader.ReadImpl[T](Type type, Boolean buffered) in /_/Dapper/SqlMapper.GridReader.cs:line 205
   at PMS.Persistence.Repositories.EquipmentDetailsRepository.GetByEquipmentIdandClientId(Decimal Id, Decimal clientid) in e:\Dev_TFS\SBNT.SM.TECHNICAL.CORE8\SBNT.SM.TECHNICAL.CORE8\PMS.Persistence\Repositories\EquipmentDetailsRepository.cs:line 30
   at PMS.Application.Features.Equipments.Queries.GetEquipmentsListByVesselId.GetEquipmentsListByVesselIdQueryHandler.Handle(GetEquipmentsListByVesselIdQuery request, CancellationToken cancellationToken) in e:\Dev_TFS\SBNT.SM.TECHNICAL.CORE8\SBNT.SM.TECHNICAL.CORE8\PMS.Application\Features\Equipment\Queries\GetEquipmentsListByVesselId\GetEquipmentsListByVesselIdQueryHandler.cs:line 27
   at PMS.Api.Controllers.EquipmentController.GetEquipmentsListByVesselId(Decimal vesselId) in e:\Dev_TFS\SBNT.SM.TECHNICAL.CORE8\SBNT.SM.TECHNICAL.CORE8\PMS.API\Controllers\EquipmentController.cs:line 55
2024-11-09 14:52:32.641 +05:30 [ERR] An unhandled exception has occurred while executing the request.
System.InvalidOperationException: Invalid attempt to call NextResult when reader is closed.
   at Microsoft.Data.SqlClient.SqlDataReader.TryNextResult(Boolean& more)
   at Microsoft.Data.SqlClient.SqlDataReader.NextResult()
   at Dapper.SqlMapper.GridReader.OnAfterGrid(Int32 index) in /_/Dapper/SqlMapper.GridReader.cs:line 450
   at Dapper.SqlMapper.GridReader.ReadDeferred[T](Int32 index, Func`2 deserializer, Type effectiveType)+<>m__Finally1() in /_/Dapper/SqlMapper.GridReader.cs:line 404
   at Dapper.SqlMapper.GridReader.ReadDeferred[T](Int32 index, Func`2 deserializer, Type effectiveType)+System.IDisposable.Dispose()
   at Dapper.SqlMapper.GridReader.ReadDeferred[T](Int32 index, Func`2 deserializer, Type effectiveType)+MoveNext() in /_/Dapper/SqlMapper.GridReader.cs:line 406
   at System.Collections.Generic.List`1..ctor(IEnumerable`1 collection)
   at System.Linq.Enumerable.ToList[TSource](IEnumerable`1 source)
   at Dapper.SqlMapper.GridReader.ReadImpl[T](Type type, Boolean buffered) in /_/Dapper/SqlMapper.GridReader.cs:line 205
   at PMS.Persistence.Repositories.EquipmentDetailsRepository.GetByEquipmentIdandClientId(Decimal Id, Decimal clientid) in e:\Dev_TFS\SBNT.SM.TECHNICAL.CORE8\SBNT.SM.TECHNICAL.CORE8\PMS.Persistence\Repositories\EquipmentDetailsRepository.cs:line 30
   at PMS.Application.Features.Equipments.Queries.GetEquipmentsListByVesselId.GetEquipmentsListByVesselIdQueryHandler.Handle(GetEquipmentsListByVesselIdQuery request, CancellationToken cancellationToken) in e:\Dev_TFS\SBNT.SM.TECHNICAL.CORE8\SBNT.SM.TECHNICAL.CORE8\PMS.Application\Features\Equipment\Queries\GetEquipmentsListByVesselId\GetEquipmentsListByVesselIdQueryHandler.cs:line 27
   at PMS.Api.Controllers.EquipmentController.GetEquipmentsListByVesselId(Decimal vesselId) in e:\Dev_TFS\SBNT.SM.TECHNICAL.CORE8\SBNT.SM.TECHNICAL.CORE8\PMS.API\Controllers\EquipmentController.cs:line 55
   at lambda_method3470(Closure, Object)
   at Microsoft.AspNetCore.Mvc.Infrastructure.ActionMethodExecutor.AwaitableObjectResultExecutor.Execute(ActionContext actionContext, IActionResultTypeMapper mapper, ObjectMethodExecutor executor, Object controller, Object[] arguments)
   at Microsoft.AspNetCore.Mvc.Infrastructure.ControllerActionInvoker.<InvokeActionMethodAsync>g__Awaited|12_0(ControllerActionInvoker invoker, ValueTask`1 actionResultValueTask)
   at Microsoft.AspNetCore.Mvc.Infrastructure.ControllerActionInvoker.<InvokeNextActionFilterAsync>g__Awaited|10_0(ControllerActionInvoker invoker, Task lastTask, State next, Scope scope, Object state, Boolean isCompleted)
   at Microsoft.AspNetCore.Mvc.Infrastructure.ControllerActionInvoker.Rethrow(ActionExecutedContextSealed context)
   at Microsoft.AspNetCore.Mvc.Infrastructure.ControllerActionInvoker.Next(State& next, Scope& scope, Object& state, Boolean& isCompleted)
   at Microsoft.AspNetCore.Mvc.Infrastructure.ControllerActionInvoker.<InvokeInnerFilterAsync>g__Awaited|13_0(ControllerActionInvoker invoker, Task lastTask, State next, Scope scope, Object state, Boolean isCompleted)
   at Microsoft.AspNetCore.Mvc.Infrastructure.ResourceInvoker.<InvokeFilterPipelineAsync>g__Awaited|20_0(ResourceInvoker invoker, Task lastTask, State next, Scope scope, Object state, Boolean isCompleted)
   at Microsoft.AspNetCore.Mvc.Infrastructure.ResourceInvoker.<InvokeAsync>g__Logged|17_1(ResourceInvoker invoker)
   at Microsoft.AspNetCore.Mvc.Infrastructure.ResourceInvoker.<InvokeAsync>g__Logged|17_1(ResourceInvoker invoker)
   at Microsoft.AspNetCore.Routing.EndpointMiddleware.<Invoke>g__AwaitRequestTask|7_0(Endpoint endpoint, Task requestTask, ILogger logger)
   at Microsoft.AspNetCore.Authorization.AuthorizationMiddleware.Invoke(HttpContext context)
   at Microsoft.AspNetCore.Authentication.AuthenticationMiddleware.Invoke(HttpContext context)
   at Swashbuckle.AspNetCore.SwaggerUI.SwaggerUIMiddleware.Invoke(HttpContext httpContext)
   at Swashbuckle.AspNetCore.Swagger.SwaggerMiddleware.Invoke(HttpContext httpContext, ISwaggerProvider swaggerProvider)
   at Microsoft.AspNetCore.Diagnostics.DeveloperExceptionPageMiddlewareImpl.Invoke(HttpContext context)
