2024-10-26 12:13:23.057 +05:30 [ERR] An error occurred while fetching equipment details.
System.ObjectDisposedException: The reader has been disposed; this can happen after all data has been consumed
Object name: 'Dapper.SqlMapper+GridReader'.
   at Dapper.SqlMapper.GridReader.OnBeforeGrid() in /_/Dapper/SqlMapper.GridReader.cs:line 185
   at Dapper.SqlMapper.GridReader.ReadImpl[T](Type type, Boolean buffered) in /_/Dapper/SqlMapper.GridReader.cs:line 193
   at Dapper.SqlMapper.GridReader.Read[T](Boolean buffered) in /_/Dapper/SqlMapper.GridReader.cs:line 96
   at PMS.Persistence.Repositories.EquipmentDetailsRepository.GetByEquipmentIdandClientId(Decimal Id, Decimal clientid) in E:\Dev_TFS\SBNT.SM.TECHNICAL.CORE8\SBNT.SM.TECHNICAL.CORE8\PMS.Persistence\Repositories\EquipmentDetailsRepository.cs:line 30
   at PMS.Application.Features.Equipments.Queries.GetEquipmentsListByVesselId.GetEquipmentsListByVesselIdQueryHandler.Handle(GetEquipmentsListByVesselIdQuery request, CancellationToken cancellationToken) in E:\Dev_TFS\SBNT.SM.TECHNICAL.CORE8\SBNT.SM.TECHNICAL.CORE8\PMS.Application\Features\Equipment\Queries\GetEquipmentsListByVesselId\GetEquipmentsListByVesselIdQueryHandler.cs:line 27
   at PMS.Api.Controllers.EquipmentController.GetEquipmentsListByVesselId(Decimal vesselId) in E:\Dev_TFS\SBNT.SM.TECHNICAL.CORE8\SBNT.SM.TECHNICAL.CORE8\PMS.API\Controllers\EquipmentController.cs:line 54
2024-10-26 12:13:30.022 +05:30 [ERR] An unhandled exception has occurred while executing the request.
System.ObjectDisposedException: The reader has been disposed; this can happen after all data has been consumed
Object name: 'Dapper.SqlMapper+GridReader'.
   at Dapper.SqlMapper.GridReader.OnBeforeGrid() in /_/Dapper/SqlMapper.GridReader.cs:line 185
   at Dapper.SqlMapper.GridReader.ReadImpl[T](Type type, Boolean buffered) in /_/Dapper/SqlMapper.GridReader.cs:line 193
   at Dapper.SqlMapper.GridReader.Read[T](Boolean buffered) in /_/Dapper/SqlMapper.GridReader.cs:line 96
   at PMS.Persistence.Repositories.EquipmentDetailsRepository.GetByEquipmentIdandClientId(Decimal Id, Decimal clientid) in E:\Dev_TFS\SBNT.SM.TECHNICAL.CORE8\SBNT.SM.TECHNICAL.CORE8\PMS.Persistence\Repositories\EquipmentDetailsRepository.cs:line 30
   at PMS.Application.Features.Equipments.Queries.GetEquipmentsListByVesselId.GetEquipmentsListByVesselIdQueryHandler.Handle(GetEquipmentsListByVesselIdQuery request, CancellationToken cancellationToken) in E:\Dev_TFS\SBNT.SM.TECHNICAL.CORE8\SBNT.SM.TECHNICAL.CORE8\PMS.Application\Features\Equipment\Queries\GetEquipmentsListByVesselId\GetEquipmentsListByVesselIdQueryHandler.cs:line 27
   at PMS.Api.Controllers.EquipmentController.GetEquipmentsListByVesselId(Decimal vesselId) in E:\Dev_TFS\SBNT.SM.TECHNICAL.CORE8\SBNT.SM.TECHNICAL.CORE8\PMS.API\Controllers\EquipmentController.cs:line 54
   at lambda_method1854(Closure, Object)
   at Microsoft.AspNetCore.Mvc.Infrastructure.ActionMethodExecutor.AwaitableObjectResultExecutor.Execute(ActionContext actionContext, IActionResultTypeMapper mapper, ObjectMethodExecutor executor, Object controller, Object[] arguments)
   at Microsoft.AspNetCore.Mvc.Infrastructure.ControllerActionInvoker.<InvokeActionMethodAsync>g__Awaited|12_0(ControllerActionInvoker invoker, ValueTask`1 actionResultValueTask)
   at Microsoft.AspNetCore.Mvc.Infrastructure.ControllerActionInvoker.<InvokeNextActionFilterAsync>g__Awaited|10_0(ControllerActionInvoker invoker, Task lastTask, State next, Scope scope, Object state, Boolean isCompleted)
   at Microsoft.AspNetCore.Mvc.Infrastructure.ControllerActionInvoker.Rethrow(ActionExecutedContextSealed context)
   at Microsoft.AspNetCore.Mvc.Infrastructure.ControllerActionInvoker.Next(State& next, Scope& scope, Object& state, Boolean& isCompleted)
   at Microsoft.AspNetCore.Mvc.Infrastructure.ControllerActionInvoker.<InvokeInnerFilterAsync>g__Awaited|13_0(ControllerActionInvoker invoker, Task lastTask, State next, Scope scope, Object state, Boolean isCompleted)
   at Microsoft.AspNetCore.Mvc.Infrastructure.ResourceInvoker.<InvokeFilterPipelineAsync>g__Awaited|20_0(ResourceInvoker invoker, Task lastTask, State next, Scope scope, Object state, Boolean isCompleted)
   at Microsoft.AspNetCore.Mvc.Infrastructure.ResourceInvoker.<InvokeAsync>g__Logged|17_1(ResourceInvoker invoker)
   at Microsoft.AspNetCore.Mvc.Infrastructure.ResourceInvoker.<InvokeAsync>g__Logged|17_1(ResourceInvoker invoker)
   at Microsoft.AspNetCore.Routing.EndpointMiddleware.<Invoke>g__AwaitRequestTask|7_0(Endpoint endpoint, Task requestTask, ILogger logger)
   at Microsoft.AspNetCore.Authorization.AuthorizationMiddleware.Invoke(HttpContext context)
   at Microsoft.AspNetCore.Authentication.AuthenticationMiddleware.Invoke(HttpContext context)
   at Swashbuckle.AspNetCore.SwaggerUI.SwaggerUIMiddleware.Invoke(HttpContext httpContext)
   at Swashbuckle.AspNetCore.Swagger.SwaggerMiddleware.Invoke(HttpContext httpContext, ISwaggerProvider swaggerProvider)
   at Microsoft.AspNetCore.Diagnostics.DeveloperExceptionPageMiddlewareImpl.Invoke(HttpContext context)
