2024-11-13 10:11:46.429 +05:30 [ERR] An unhandled exception has occurred while executing the request.
System.Exception: System.ArgumentNullException: Value cannot be null. (Parameter 'source')
   at System.Linq.ThrowHelper.ThrowArgumentNullException(ExceptionArgument argument)
   at System.Linq.Enumerable.ToList[TSource](IEnumerable`1 source)
   at PMS.Persistence.Repositories.StoreTypeRepository.GetStoreTypesByClientIdAsync(Decimal clientId) in e:\Dev_TFS\SBNT.SM.TECHNICAL.CORE8\SBNT.SM.TECHNICAL.CORE8\PMS.Persistence\Repositories\StoreTypeRepository.cs:line 37
   at PMS.Persistence.Repositories.StoreTypeRepository.GetStoreTypesByClientIdAsync(Decimal clientId) in e:\Dev_TFS\SBNT.SM.TECHNICAL.CORE8\SBNT.SM.TECHNICAL.CORE8\PMS.Persistence\Repositories\StoreTypeRepository.cs:line 41
   at PMS.Application.Features.CommonRegisters.Queries.StoreTypeRegister.GetStoreTypeRegisterQueryHandler.Handle(GetStoreTypeRegisterQuery request, CancellationToken cancellationToken) in e:\Dev_TFS\SBNT.SM.TECHNICAL.CORE8\SBNT.SM.TECHNICAL.CORE8\PMS.Application\Features\CommonRegisters\Queries\StoreTypeRegister\GetStoreTypeRegisterQueryHandler.cs:line 48
   at PMS.Api.Controllers.SparePartsController.GetAllStoreTypes() in e:\Dev_TFS\SBNT.SM.TECHNICAL.CORE8\SBNT.SM.TECHNICAL.CORE8\PMS.API\Controllers\SparePartsController.cs:line 47
   at lambda_method7806(Closure, Object)
   at Microsoft.AspNetCore.Mvc.Infrastructure.ActionMethodExecutor.AwaitableObjectResultExecutor.Execute(ActionContext actionContext, IActionResultTypeMapper mapper, ObjectMethodExecutor executor, Object controller, Object[] arguments)
   at Microsoft.AspNetCore.Mvc.Infrastructure.ControllerActionInvoker.<InvokeActionMethodAsync>g__Awaited|12_0(ControllerActionInvoker invoker, ValueTask`1 actionResultValueTask)
   at Microsoft.AspNetCore.Mvc.Infrastructure.ControllerActionInvoker.<InvokeNextActionFilterAsync>g__Awaited|10_0(ControllerActionInvoker invoker, Task lastTask, State next, Scope scope, Object state, Boolean isCompleted)
   at Microsoft.AspNetCore.Mvc.Infrastructure.ControllerActionInvoker.Rethrow(ActionExecutedContextSealed context)
   at Microsoft.AspNetCore.Mvc.Infrastructure.ControllerActionInvoker.Next(State& next, Scope& scope, Object& state, Boolean& isCompleted)
   at Microsoft.AspNetCore.Mvc.Infrastructure.ControllerActionInvoker.<InvokeInnerFilterAsync>g__Awaited|13_0(ControllerActionInvoker invoker, Task lastTask, State next, Scope scope, Object state, Boolean isCompleted)
   at Microsoft.AspNetCore.Mvc.Infrastructure.ResourceInvoker.<InvokeFilterPipelineAsync>g__Awaited|20_0(ResourceInvoker invoker, Task lastTask, State next, Scope scope, Object state, Boolean isCompleted)
   at Microsoft.AspNetCore.Mvc.Infrastructure.ResourceInvoker.<InvokeAsync>g__Logged|17_1(ResourceInvoker invoker)
   at Microsoft.AspNetCore.Mvc.Infrastructure.ResourceInvoker.<InvokeAsync>g__Logged|17_1(ResourceInvoker invoker)
   at Microsoft.AspNetCore.Routing.EndpointMiddleware.<Invoke>g__AwaitRequestTask|7_0(Endpoint endpoint, Task requestTask, ILogger logger)
   at Microsoft.AspNetCore.Authorization.AuthorizationMiddleware.Invoke(HttpContext context)
   at Microsoft.AspNetCore.Authentication.AuthenticationMiddleware.Invoke(HttpContext context)
   at Swashbuckle.AspNetCore.SwaggerUI.SwaggerUIMiddleware.Invoke(HttpContext httpContext)
   at Swashbuckle.AspNetCore.Swagger.SwaggerMiddleware.Invoke(HttpContext httpContext, ISwaggerProvider swaggerProvider)
   at Microsoft.AspNetCore.Diagnostics.DeveloperExceptionPageMiddlewareImpl.Invoke(HttpContext context)
2024-11-13 10:15:46.326 +05:30 [ERR] An unhandled exception has occurred while executing the request.
System.Exception: System.ObjectDisposedException: The reader has been disposed; this can happen after all data has been consumed
Object name: 'Dapper.SqlMapper+GridReader'.
   at Dapper.SqlMapper.GridReader.OnBeforeGrid() in /_/Dapper/SqlMapper.GridReader.cs:line 185
   at Dapper.SqlMapper.GridReader.ReadImpl[T](Type type, Boolean buffered) in /_/Dapper/SqlMapper.GridReader.cs:line 193
   at Dapper.SqlMapper.GridReader.Read[T](Boolean buffered) in /_/Dapper/SqlMapper.GridReader.cs:line 96
   at PMS.Persistence.Repositories.VesselGroupAndVesselRepository.GetVesselGroupAndVessel(Decimal clientid, Decimal locationId, Decimal userId) in e:\Dev_TFS\SBNT.SM.TECHNICAL.CORE8\SBNT.SM.TECHNICAL.CORE8\PMS.Persistence\Repositories\VesselGroupAndVesselRepository.cs:line 42
   at PMS.Persistence.Repositories.VesselGroupAndVesselRepository.GetVesselGroupAndVessel(Decimal clientid, Decimal locationId, Decimal userId) in e:\Dev_TFS\SBNT.SM.TECHNICAL.CORE8\SBNT.SM.TECHNICAL.CORE8\PMS.Persistence\Repositories\VesselGroupAndVesselRepository.cs:line 73
   at PMS.Application.Features.VesselGroupAndVessel.Queries.GetVesselGroupAndVessellistByClientId.GetVesselGroupAndVessellistByClientIdQueryHandler.Handle(GetVesselGroupAndVessellistByClientIdQuery request, CancellationToken cancellationToken) in e:\Dev_TFS\SBNT.SM.TECHNICAL.CORE8\SBNT.SM.TECHNICAL.CORE8\PMS.Application\Features\VesselGroupAndVessel\Queries\GetVesselGroupAndVessellistByClientId\GetVesselGroupAndVessellistByClientIdQueryHandler.cs:line 24
   at PMS.Api.Controllers.VesselController.GetAllVesselByClientId() in e:\Dev_TFS\SBNT.SM.TECHNICAL.CORE8\SBNT.SM.TECHNICAL.CORE8\PMS.API\Controllers\VesselController.cs:line 25
   at lambda_method5574(Closure, Object)
   at Microsoft.AspNetCore.Mvc.Infrastructure.ActionMethodExecutor.AwaitableObjectResultExecutor.Execute(ActionContext actionContext, IActionResultTypeMapper mapper, ObjectMethodExecutor executor, Object controller, Object[] arguments)
   at Microsoft.AspNetCore.Mvc.Infrastructure.ControllerActionInvoker.<InvokeActionMethodAsync>g__Awaited|12_0(ControllerActionInvoker invoker, ValueTask`1 actionResultValueTask)
   at Microsoft.AspNetCore.Mvc.Infrastructure.ControllerActionInvoker.<InvokeNextActionFilterAsync>g__Awaited|10_0(ControllerActionInvoker invoker, Task lastTask, State next, Scope scope, Object state, Boolean isCompleted)
   at Microsoft.AspNetCore.Mvc.Infrastructure.ControllerActionInvoker.Rethrow(ActionExecutedContextSealed context)
   at Microsoft.AspNetCore.Mvc.Infrastructure.ControllerActionInvoker.Next(State& next, Scope& scope, Object& state, Boolean& isCompleted)
   at Microsoft.AspNetCore.Mvc.Infrastructure.ControllerActionInvoker.<InvokeInnerFilterAsync>g__Awaited|13_0(ControllerActionInvoker invoker, Task lastTask, State next, Scope scope, Object state, Boolean isCompleted)
   at Microsoft.AspNetCore.Mvc.Infrastructure.ResourceInvoker.<InvokeFilterPipelineAsync>g__Awaited|20_0(ResourceInvoker invoker, Task lastTask, State next, Scope scope, Object state, Boolean isCompleted)
   at Microsoft.AspNetCore.Mvc.Infrastructure.ResourceInvoker.<InvokeAsync>g__Logged|17_1(ResourceInvoker invoker)
   at Microsoft.AspNetCore.Mvc.Infrastructure.ResourceInvoker.<InvokeAsync>g__Logged|17_1(ResourceInvoker invoker)
   at Microsoft.AspNetCore.Routing.EndpointMiddleware.<Invoke>g__AwaitRequestTask|7_0(Endpoint endpoint, Task requestTask, ILogger logger)
   at Microsoft.AspNetCore.Authorization.AuthorizationMiddleware.Invoke(HttpContext context)
   at Microsoft.AspNetCore.Authentication.AuthenticationMiddleware.Invoke(HttpContext context)
   at Swashbuckle.AspNetCore.SwaggerUI.SwaggerUIMiddleware.Invoke(HttpContext httpContext)
   at Swashbuckle.AspNetCore.Swagger.SwaggerMiddleware.Invoke(HttpContext httpContext, ISwaggerProvider swaggerProvider)
   at Microsoft.AspNetCore.Diagnostics.DeveloperExceptionPageMiddlewareImpl.Invoke(HttpContext context)
2024-11-13 10:16:30.266 +05:30 [ERR] An unhandled exception has occurred while executing the request.
System.Exception: System.ObjectDisposedException: The reader has been disposed; this can happen after all data has been consumed
Object name: 'Dapper.SqlMapper+GridReader'.
   at Dapper.SqlMapper.GridReader.OnBeforeGrid() in /_/Dapper/SqlMapper.GridReader.cs:line 185
   at Dapper.SqlMapper.GridReader.ReadImpl[T](Type type, Boolean buffered) in /_/Dapper/SqlMapper.GridReader.cs:line 193
   at Dapper.SqlMapper.GridReader.Read[T](Boolean buffered) in /_/Dapper/SqlMapper.GridReader.cs:line 96
   at PMS.Persistence.Repositories.VesselGroupAndVesselRepository.GetVesselGroupAndVessel(Decimal clientid, Decimal locationId, Decimal userId) in e:\Dev_TFS\SBNT.SM.TECHNICAL.CORE8\SBNT.SM.TECHNICAL.CORE8\PMS.Persistence\Repositories\VesselGroupAndVesselRepository.cs:line 42
   at PMS.Persistence.Repositories.VesselGroupAndVesselRepository.GetVesselGroupAndVessel(Decimal clientid, Decimal locationId, Decimal userId) in e:\Dev_TFS\SBNT.SM.TECHNICAL.CORE8\SBNT.SM.TECHNICAL.CORE8\PMS.Persistence\Repositories\VesselGroupAndVesselRepository.cs:line 73
   at PMS.Application.Features.VesselGroupAndVessel.Queries.GetVesselGroupAndVessellistByClientId.GetVesselGroupAndVessellistByClientIdQueryHandler.Handle(GetVesselGroupAndVessellistByClientIdQuery request, CancellationToken cancellationToken) in e:\Dev_TFS\SBNT.SM.TECHNICAL.CORE8\SBNT.SM.TECHNICAL.CORE8\PMS.Application\Features\VesselGroupAndVessel\Queries\GetVesselGroupAndVessellistByClientId\GetVesselGroupAndVessellistByClientIdQueryHandler.cs:line 24
   at PMS.Api.Controllers.VesselController.GetAllVesselByClientId() in e:\Dev_TFS\SBNT.SM.TECHNICAL.CORE8\SBNT.SM.TECHNICAL.CORE8\PMS.API\Controllers\VesselController.cs:line 25
   at lambda_method5574(Closure, Object)
   at Microsoft.AspNetCore.Mvc.Infrastructure.ActionMethodExecutor.AwaitableObjectResultExecutor.Execute(ActionContext actionContext, IActionResultTypeMapper mapper, ObjectMethodExecutor executor, Object controller, Object[] arguments)
   at Microsoft.AspNetCore.Mvc.Infrastructure.ControllerActionInvoker.<InvokeActionMethodAsync>g__Awaited|12_0(ControllerActionInvoker invoker, ValueTask`1 actionResultValueTask)
   at Microsoft.AspNetCore.Mvc.Infrastructure.ControllerActionInvoker.<InvokeNextActionFilterAsync>g__Awaited|10_0(ControllerActionInvoker invoker, Task lastTask, State next, Scope scope, Object state, Boolean isCompleted)
   at Microsoft.AspNetCore.Mvc.Infrastructure.ControllerActionInvoker.Rethrow(ActionExecutedContextSealed context)
   at Microsoft.AspNetCore.Mvc.Infrastructure.ControllerActionInvoker.Next(State& next, Scope& scope, Object& state, Boolean& isCompleted)
   at Microsoft.AspNetCore.Mvc.Infrastructure.ControllerActionInvoker.<InvokeInnerFilterAsync>g__Awaited|13_0(ControllerActionInvoker invoker, Task lastTask, State next, Scope scope, Object state, Boolean isCompleted)
   at Microsoft.AspNetCore.Mvc.Infrastructure.ResourceInvoker.<InvokeFilterPipelineAsync>g__Awaited|20_0(ResourceInvoker invoker, Task lastTask, State next, Scope scope, Object state, Boolean isCompleted)
   at Microsoft.AspNetCore.Mvc.Infrastructure.ResourceInvoker.<InvokeAsync>g__Logged|17_1(ResourceInvoker invoker)
   at Microsoft.AspNetCore.Mvc.Infrastructure.ResourceInvoker.<InvokeAsync>g__Logged|17_1(ResourceInvoker invoker)
   at Microsoft.AspNetCore.Routing.EndpointMiddleware.<Invoke>g__AwaitRequestTask|7_0(Endpoint endpoint, Task requestTask, ILogger logger)
   at Microsoft.AspNetCore.Authorization.AuthorizationMiddleware.Invoke(HttpContext context)
   at Microsoft.AspNetCore.Authentication.AuthenticationMiddleware.Invoke(HttpContext context)
   at Swashbuckle.AspNetCore.SwaggerUI.SwaggerUIMiddleware.Invoke(HttpContext httpContext)
   at Swashbuckle.AspNetCore.Swagger.SwaggerMiddleware.Invoke(HttpContext httpContext, ISwaggerProvider swaggerProvider)
   at Microsoft.AspNetCore.Diagnostics.DeveloperExceptionPageMiddlewareImpl.Invoke(HttpContext context)
2024-11-13 10:16:39.590 +05:30 [ERR] An unhandled exception has occurred while executing the request.
System.Exception: System.ObjectDisposedException: The reader has been disposed; this can happen after all data has been consumed
Object name: 'Dapper.SqlMapper+GridReader'.
   at Dapper.SqlMapper.GridReader.OnBeforeGrid() in /_/Dapper/SqlMapper.GridReader.cs:line 185
   at Dapper.SqlMapper.GridReader.ReadImpl[T](Type type, Boolean buffered) in /_/Dapper/SqlMapper.GridReader.cs:line 193
   at Dapper.SqlMapper.GridReader.Read[T](Boolean buffered) in /_/Dapper/SqlMapper.GridReader.cs:line 96
   at PMS.Persistence.Repositories.VesselGroupAndVesselRepository.GetVesselGroupAndVessel(Decimal clientid, Decimal locationId, Decimal userId) in e:\Dev_TFS\SBNT.SM.TECHNICAL.CORE8\SBNT.SM.TECHNICAL.CORE8\PMS.Persistence\Repositories\VesselGroupAndVesselRepository.cs:line 42
   at PMS.Persistence.Repositories.VesselGroupAndVesselRepository.GetVesselGroupAndVessel(Decimal clientid, Decimal locationId, Decimal userId) in e:\Dev_TFS\SBNT.SM.TECHNICAL.CORE8\SBNT.SM.TECHNICAL.CORE8\PMS.Persistence\Repositories\VesselGroupAndVesselRepository.cs:line 73
   at PMS.Application.Features.VesselGroupAndVessel.Queries.GetVesselGroupAndVessellistByClientId.GetVesselGroupAndVessellistByClientIdQueryHandler.Handle(GetVesselGroupAndVessellistByClientIdQuery request, CancellationToken cancellationToken) in e:\Dev_TFS\SBNT.SM.TECHNICAL.CORE8\SBNT.SM.TECHNICAL.CORE8\PMS.Application\Features\VesselGroupAndVessel\Queries\GetVesselGroupAndVessellistByClientId\GetVesselGroupAndVessellistByClientIdQueryHandler.cs:line 24
   at PMS.Api.Controllers.VesselController.GetAllVesselByClientId() in e:\Dev_TFS\SBNT.SM.TECHNICAL.CORE8\SBNT.SM.TECHNICAL.CORE8\PMS.API\Controllers\VesselController.cs:line 25
   at lambda_method5574(Closure, Object)
   at Microsoft.AspNetCore.Mvc.Infrastructure.ActionMethodExecutor.AwaitableObjectResultExecutor.Execute(ActionContext actionContext, IActionResultTypeMapper mapper, ObjectMethodExecutor executor, Object controller, Object[] arguments)
   at Microsoft.AspNetCore.Mvc.Infrastructure.ControllerActionInvoker.<InvokeActionMethodAsync>g__Awaited|12_0(ControllerActionInvoker invoker, ValueTask`1 actionResultValueTask)
   at Microsoft.AspNetCore.Mvc.Infrastructure.ControllerActionInvoker.<InvokeNextActionFilterAsync>g__Awaited|10_0(ControllerActionInvoker invoker, Task lastTask, State next, Scope scope, Object state, Boolean isCompleted)
   at Microsoft.AspNetCore.Mvc.Infrastructure.ControllerActionInvoker.Rethrow(ActionExecutedContextSealed context)
   at Microsoft.AspNetCore.Mvc.Infrastructure.ControllerActionInvoker.Next(State& next, Scope& scope, Object& state, Boolean& isCompleted)
   at Microsoft.AspNetCore.Mvc.Infrastructure.ControllerActionInvoker.<InvokeInnerFilterAsync>g__Awaited|13_0(ControllerActionInvoker invoker, Task lastTask, State next, Scope scope, Object state, Boolean isCompleted)
   at Microsoft.AspNetCore.Mvc.Infrastructure.ResourceInvoker.<InvokeFilterPipelineAsync>g__Awaited|20_0(ResourceInvoker invoker, Task lastTask, State next, Scope scope, Object state, Boolean isCompleted)
   at Microsoft.AspNetCore.Mvc.Infrastructure.ResourceInvoker.<InvokeAsync>g__Logged|17_1(ResourceInvoker invoker)
   at Microsoft.AspNetCore.Mvc.Infrastructure.ResourceInvoker.<InvokeAsync>g__Logged|17_1(ResourceInvoker invoker)
   at Microsoft.AspNetCore.Routing.EndpointMiddleware.<Invoke>g__AwaitRequestTask|7_0(Endpoint endpoint, Task requestTask, ILogger logger)
   at Microsoft.AspNetCore.Authorization.AuthorizationMiddleware.Invoke(HttpContext context)
   at Microsoft.AspNetCore.Authentication.AuthenticationMiddleware.Invoke(HttpContext context)
   at Swashbuckle.AspNetCore.SwaggerUI.SwaggerUIMiddleware.Invoke(HttpContext httpContext)
   at Swashbuckle.AspNetCore.Swagger.SwaggerMiddleware.Invoke(HttpContext httpContext, ISwaggerProvider swaggerProvider)
   at Microsoft.AspNetCore.Diagnostics.DeveloperExceptionPageMiddlewareImpl.Invoke(HttpContext context)
2024-11-13 10:27:30.560 +05:30 [ERR] An unhandled exception has occurred while executing the request.
System.Exception: System.ArgumentNullException: Value cannot be null. (Parameter 'source')
   at System.Linq.ThrowHelper.ThrowArgumentNullException(ExceptionArgument argument)
   at System.Linq.Enumerable.ToList[TSource](IEnumerable`1 source)
   at PMS.Persistence.Repositories.StoreTypeRepository.GetStoreTypesByClientIdAsync(Decimal clientId) in e:\Dev_TFS\SBNT.SM.TECHNICAL.CORE8\SBNT.SM.TECHNICAL.CORE8\PMS.Persistence\Repositories\StoreTypeRepository.cs:line 37
   at PMS.Persistence.Repositories.StoreTypeRepository.GetStoreTypesByClientIdAsync(Decimal clientId) in e:\Dev_TFS\SBNT.SM.TECHNICAL.CORE8\SBNT.SM.TECHNICAL.CORE8\PMS.Persistence\Repositories\StoreTypeRepository.cs:line 41
   at PMS.Application.Features.CommonRegisters.Queries.StoreTypeRegister.GetStoreTypeRegisterQueryHandler.Handle(GetStoreTypeRegisterQuery request, CancellationToken cancellationToken) in e:\Dev_TFS\SBNT.SM.TECHNICAL.CORE8\SBNT.SM.TECHNICAL.CORE8\PMS.Application\Features\CommonRegisters\Queries\StoreTypeRegister\GetStoreTypeRegisterQueryHandler.cs:line 48
   at PMS.Api.Controllers.SparePartsController.GetAllStoreTypes() in e:\Dev_TFS\SBNT.SM.TECHNICAL.CORE8\SBNT.SM.TECHNICAL.CORE8\PMS.API\Controllers\SparePartsController.cs:line 47
   at lambda_method7806(Closure, Object)
   at Microsoft.AspNetCore.Mvc.Infrastructure.ActionMethodExecutor.AwaitableObjectResultExecutor.Execute(ActionContext actionContext, IActionResultTypeMapper mapper, ObjectMethodExecutor executor, Object controller, Object[] arguments)
   at Microsoft.AspNetCore.Mvc.Infrastructure.ControllerActionInvoker.<InvokeActionMethodAsync>g__Awaited|12_0(ControllerActionInvoker invoker, ValueTask`1 actionResultValueTask)
   at Microsoft.AspNetCore.Mvc.Infrastructure.ControllerActionInvoker.<InvokeNextActionFilterAsync>g__Awaited|10_0(ControllerActionInvoker invoker, Task lastTask, State next, Scope scope, Object state, Boolean isCompleted)
   at Microsoft.AspNetCore.Mvc.Infrastructure.ControllerActionInvoker.Rethrow(ActionExecutedContextSealed context)
   at Microsoft.AspNetCore.Mvc.Infrastructure.ControllerActionInvoker.Next(State& next, Scope& scope, Object& state, Boolean& isCompleted)
   at Microsoft.AspNetCore.Mvc.Infrastructure.ControllerActionInvoker.<InvokeInnerFilterAsync>g__Awaited|13_0(ControllerActionInvoker invoker, Task lastTask, State next, Scope scope, Object state, Boolean isCompleted)
   at Microsoft.AspNetCore.Mvc.Infrastructure.ResourceInvoker.<InvokeFilterPipelineAsync>g__Awaited|20_0(ResourceInvoker invoker, Task lastTask, State next, Scope scope, Object state, Boolean isCompleted)
   at Microsoft.AspNetCore.Mvc.Infrastructure.ResourceInvoker.<InvokeAsync>g__Logged|17_1(ResourceInvoker invoker)
   at Microsoft.AspNetCore.Mvc.Infrastructure.ResourceInvoker.<InvokeAsync>g__Logged|17_1(ResourceInvoker invoker)
   at Microsoft.AspNetCore.Routing.EndpointMiddleware.<Invoke>g__AwaitRequestTask|7_0(Endpoint endpoint, Task requestTask, ILogger logger)
   at Microsoft.AspNetCore.Authorization.AuthorizationMiddleware.Invoke(HttpContext context)
   at Microsoft.AspNetCore.Authentication.AuthenticationMiddleware.Invoke(HttpContext context)
   at Swashbuckle.AspNetCore.SwaggerUI.SwaggerUIMiddleware.Invoke(HttpContext httpContext)
   at Swashbuckle.AspNetCore.Swagger.SwaggerMiddleware.Invoke(HttpContext httpContext, ISwaggerProvider swaggerProvider)
   at Microsoft.AspNetCore.Diagnostics.DeveloperExceptionPageMiddlewareImpl.Invoke(HttpContext context)
2024-11-13 10:29:12.147 +05:30 [ERR] An unhandled exception has occurred while executing the request.
System.Exception: System.ObjectDisposedException: The reader has been disposed; this can happen after all data has been consumed
Object name: 'Dapper.SqlMapper+GridReader'.
   at Dapper.SqlMapper.GridReader.ReadImpl[T](Type type, Boolean buffered) in /_/Dapper/SqlMapper.GridReader.cs:line 193
   at PMS.Persistence.Repositories.VesselGroupAndVesselRepository.GetVesselGroupAndVessel(Decimal clientid, Decimal locationId, Decimal userId) in e:\Dev_TFS\SBNT.SM.TECHNICAL.CORE8\SBNT.SM.TECHNICAL.CORE8\PMS.Persistence\Repositories\VesselGroupAndVesselRepository.cs:line 42
   at PMS.Persistence.Repositories.VesselGroupAndVesselRepository.GetVesselGroupAndVessel(Decimal clientid, Decimal locationId, Decimal userId) in e:\Dev_TFS\SBNT.SM.TECHNICAL.CORE8\SBNT.SM.TECHNICAL.CORE8\PMS.Persistence\Repositories\VesselGroupAndVesselRepository.cs:line 73
   at PMS.Application.Features.VesselGroupAndVessel.Queries.GetVesselGroupAndVessellistByClientId.GetVesselGroupAndVessellistByClientIdQueryHandler.Handle(GetVesselGroupAndVessellistByClientIdQuery request, CancellationToken cancellationToken) in e:\Dev_TFS\SBNT.SM.TECHNICAL.CORE8\SBNT.SM.TECHNICAL.CORE8\PMS.Application\Features\VesselGroupAndVessel\Queries\GetVesselGroupAndVessellistByClientId\GetVesselGroupAndVessellistByClientIdQueryHandler.cs:line 24
   at PMS.Api.Controllers.VesselController.GetAllVesselByClientId() in e:\Dev_TFS\SBNT.SM.TECHNICAL.CORE8\SBNT.SM.TECHNICAL.CORE8\PMS.API\Controllers\VesselController.cs:line 25
   at lambda_method5574(Closure, Object)
   at Microsoft.AspNetCore.Mvc.Infrastructure.ActionMethodExecutor.AwaitableObjectResultExecutor.Execute(ActionContext actionContext, IActionResultTypeMapper mapper, ObjectMethodExecutor executor, Object controller, Object[] arguments)
   at Microsoft.AspNetCore.Mvc.Infrastructure.ControllerActionInvoker.<InvokeActionMethodAsync>g__Awaited|12_0(ControllerActionInvoker invoker, ValueTask`1 actionResultValueTask)
   at Microsoft.AspNetCore.Mvc.Infrastructure.ControllerActionInvoker.<InvokeNextActionFilterAsync>g__Awaited|10_0(ControllerActionInvoker invoker, Task lastTask, State next, Scope scope, Object state, Boolean isCompleted)
   at Microsoft.AspNetCore.Mvc.Infrastructure.ControllerActionInvoker.Rethrow(ActionExecutedContextSealed context)
   at Microsoft.AspNetCore.Mvc.Infrastructure.ControllerActionInvoker.Next(State& next, Scope& scope, Object& state, Boolean& isCompleted)
   at Microsoft.AspNetCore.Mvc.Infrastructure.ControllerActionInvoker.<InvokeInnerFilterAsync>g__Awaited|13_0(ControllerActionInvoker invoker, Task lastTask, State next, Scope scope, Object state, Boolean isCompleted)
   at Microsoft.AspNetCore.Mvc.Infrastructure.ResourceInvoker.<InvokeFilterPipelineAsync>g__Awaited|20_0(ResourceInvoker invoker, Task lastTask, State next, Scope scope, Object state, Boolean isCompleted)
   at Microsoft.AspNetCore.Mvc.Infrastructure.ResourceInvoker.<InvokeAsync>g__Logged|17_1(ResourceInvoker invoker)
   at Microsoft.AspNetCore.Mvc.Infrastructure.ResourceInvoker.<InvokeAsync>g__Logged|17_1(ResourceInvoker invoker)
   at Microsoft.AspNetCore.Routing.EndpointMiddleware.<Invoke>g__AwaitRequestTask|7_0(Endpoint endpoint, Task requestTask, ILogger logger)
   at Microsoft.AspNetCore.Authorization.AuthorizationMiddleware.Invoke(HttpContext context)
   at Microsoft.AspNetCore.Authentication.AuthenticationMiddleware.Invoke(HttpContext context)
   at Swashbuckle.AspNetCore.SwaggerUI.SwaggerUIMiddleware.Invoke(HttpContext httpContext)
   at Swashbuckle.AspNetCore.Swagger.SwaggerMiddleware.Invoke(HttpContext httpContext, ISwaggerProvider swaggerProvider)
   at Microsoft.AspNetCore.Diagnostics.DeveloperExceptionPageMiddlewareImpl.Invoke(HttpContext context)
2024-11-13 10:39:45.381 +05:30 [ERR] An unhandled exception has occurred while executing the request.
System.Exception: System.ObjectDisposedException: The reader has been disposed; this can happen after all data has been consumed
Object name: 'Dapper.SqlMapper+GridReader'.
   at Dapper.SqlMapper.GridReader.ReadImpl[T](Type type, Boolean buffered) in /_/Dapper/SqlMapper.GridReader.cs:line 193
   at PMS.Persistence.Repositories.VesselGroupAndVesselRepository.GetVesselGroupAndVessel(Decimal clientid, Decimal locationId, Decimal userId) in e:\Dev_TFS\SBNT.SM.TECHNICAL.CORE8\SBNT.SM.TECHNICAL.CORE8\PMS.Persistence\Repositories\VesselGroupAndVesselRepository.cs:line 42
   at PMS.Persistence.Repositories.VesselGroupAndVesselRepository.GetVesselGroupAndVessel(Decimal clientid, Decimal locationId, Decimal userId) in e:\Dev_TFS\SBNT.SM.TECHNICAL.CORE8\SBNT.SM.TECHNICAL.CORE8\PMS.Persistence\Repositories\VesselGroupAndVesselRepository.cs:line 73
   at PMS.Application.Features.VesselGroupAndVessel.Queries.GetVesselGroupAndVessellistByClientId.GetVesselGroupAndVessellistByClientIdQueryHandler.Handle(GetVesselGroupAndVessellistByClientIdQuery request, CancellationToken cancellationToken) in e:\Dev_TFS\SBNT.SM.TECHNICAL.CORE8\SBNT.SM.TECHNICAL.CORE8\PMS.Application\Features\VesselGroupAndVessel\Queries\GetVesselGroupAndVessellistByClientId\GetVesselGroupAndVessellistByClientIdQueryHandler.cs:line 24
   at PMS.Api.Controllers.VesselController.GetAllVesselByClientId() in e:\Dev_TFS\SBNT.SM.TECHNICAL.CORE8\SBNT.SM.TECHNICAL.CORE8\PMS.API\Controllers\VesselController.cs:line 25
   at lambda_method5574(Closure, Object)
   at Microsoft.AspNetCore.Mvc.Infrastructure.ActionMethodExecutor.AwaitableObjectResultExecutor.Execute(ActionContext actionContext, IActionResultTypeMapper mapper, ObjectMethodExecutor executor, Object controller, Object[] arguments)
   at Microsoft.AspNetCore.Mvc.Infrastructure.ControllerActionInvoker.<InvokeActionMethodAsync>g__Awaited|12_0(ControllerActionInvoker invoker, ValueTask`1 actionResultValueTask)
   at Microsoft.AspNetCore.Mvc.Infrastructure.ControllerActionInvoker.<InvokeNextActionFilterAsync>g__Awaited|10_0(ControllerActionInvoker invoker, Task lastTask, State next, Scope scope, Object state, Boolean isCompleted)
   at Microsoft.AspNetCore.Mvc.Infrastructure.ControllerActionInvoker.Rethrow(ActionExecutedContextSealed context)
   at Microsoft.AspNetCore.Mvc.Infrastructure.ControllerActionInvoker.Next(State& next, Scope& scope, Object& state, Boolean& isCompleted)
   at Microsoft.AspNetCore.Mvc.Infrastructure.ControllerActionInvoker.<InvokeInnerFilterAsync>g__Awaited|13_0(ControllerActionInvoker invoker, Task lastTask, State next, Scope scope, Object state, Boolean isCompleted)
   at Microsoft.AspNetCore.Mvc.Infrastructure.ResourceInvoker.<InvokeFilterPipelineAsync>g__Awaited|20_0(ResourceInvoker invoker, Task lastTask, State next, Scope scope, Object state, Boolean isCompleted)
   at Microsoft.AspNetCore.Mvc.Infrastructure.ResourceInvoker.<InvokeAsync>g__Logged|17_1(ResourceInvoker invoker)
   at Microsoft.AspNetCore.Mvc.Infrastructure.ResourceInvoker.<InvokeAsync>g__Logged|17_1(ResourceInvoker invoker)
   at Microsoft.AspNetCore.Routing.EndpointMiddleware.<Invoke>g__AwaitRequestTask|7_0(Endpoint endpoint, Task requestTask, ILogger logger)
   at Microsoft.AspNetCore.Authorization.AuthorizationMiddleware.Invoke(HttpContext context)
   at Microsoft.AspNetCore.Authentication.AuthenticationMiddleware.Invoke(HttpContext context)
   at Swashbuckle.AspNetCore.SwaggerUI.SwaggerUIMiddleware.Invoke(HttpContext httpContext)
   at Swashbuckle.AspNetCore.Swagger.SwaggerMiddleware.Invoke(HttpContext httpContext, ISwaggerProvider swaggerProvider)
   at Microsoft.AspNetCore.Diagnostics.DeveloperExceptionPageMiddlewareImpl.Invoke(HttpContext context)
2024-11-13 12:03:43.820 +05:30 [ERR] An unhandled exception has occurred while executing the request.
System.Exception: System.ObjectDisposedException: The reader has been disposed; this can happen after all data has been consumed
Object name: 'Dapper.SqlMapper+GridReader'.
   at Dapper.SqlMapper.GridReader.OnBeforeGrid() in /_/Dapper/SqlMapper.GridReader.cs:line 185
   at Dapper.SqlMapper.GridReader.ReadImpl[T](Type type, Boolean buffered) in /_/Dapper/SqlMapper.GridReader.cs:line 193
   at Dapper.SqlMapper.GridReader.Read[T](Boolean buffered) in /_/Dapper/SqlMapper.GridReader.cs:line 96
   at PMS.Persistence.Repositories.VesselGroupAndVesselRepository.GetVesselGroupAndVessel(Decimal clientid, Decimal locationId, Decimal userId) in e:\Dev_TFS\SBNT.SM.TECHNICAL.CORE8\SBNT.SM.TECHNICAL.CORE8\PMS.Persistence\Repositories\VesselGroupAndVesselRepository.cs:line 42
   at PMS.Persistence.Repositories.VesselGroupAndVesselRepository.GetVesselGroupAndVessel(Decimal clientid, Decimal locationId, Decimal userId) in e:\Dev_TFS\SBNT.SM.TECHNICAL.CORE8\SBNT.SM.TECHNICAL.CORE8\PMS.Persistence\Repositories\VesselGroupAndVesselRepository.cs:line 73
   at PMS.Application.Features.VesselGroupAndVessel.Queries.GetVesselGroupAndVessellistByClientId.GetVesselGroupAndVessellistByClientIdQueryHandler.Handle(GetVesselGroupAndVessellistByClientIdQuery request, CancellationToken cancellationToken) in e:\Dev_TFS\SBNT.SM.TECHNICAL.CORE8\SBNT.SM.TECHNICAL.CORE8\PMS.Application\Features\VesselGroupAndVessel\Queries\GetVesselGroupAndVessellistByClientId\GetVesselGroupAndVessellistByClientIdQueryHandler.cs:line 24
   at PMS.Api.Controllers.VesselController.GetAllVesselByClientId() in e:\Dev_TFS\SBNT.SM.TECHNICAL.CORE8\SBNT.SM.TECHNICAL.CORE8\PMS.API\Controllers\VesselController.cs:line 25
   at lambda_method565(Closure, Object)
   at Microsoft.AspNetCore.Mvc.Infrastructure.ActionMethodExecutor.AwaitableObjectResultExecutor.Execute(ActionContext actionContext, IActionResultTypeMapper mapper, ObjectMethodExecutor executor, Object controller, Object[] arguments)
   at Microsoft.AspNetCore.Mvc.Infrastructure.ControllerActionInvoker.<InvokeActionMethodAsync>g__Awaited|12_0(ControllerActionInvoker invoker, ValueTask`1 actionResultValueTask)
   at Microsoft.AspNetCore.Mvc.Infrastructure.ControllerActionInvoker.<InvokeNextActionFilterAsync>g__Awaited|10_0(ControllerActionInvoker invoker, Task lastTask, State next, Scope scope, Object state, Boolean isCompleted)
   at Microsoft.AspNetCore.Mvc.Infrastructure.ControllerActionInvoker.Rethrow(ActionExecutedContextSealed context)
   at Microsoft.AspNetCore.Mvc.Infrastructure.ControllerActionInvoker.Next(State& next, Scope& scope, Object& state, Boolean& isCompleted)
   at Microsoft.AspNetCore.Mvc.Infrastructure.ControllerActionInvoker.<InvokeInnerFilterAsync>g__Awaited|13_0(ControllerActionInvoker invoker, Task lastTask, State next, Scope scope, Object state, Boolean isCompleted)
   at Microsoft.AspNetCore.Mvc.Infrastructure.ResourceInvoker.<InvokeFilterPipelineAsync>g__Awaited|20_0(ResourceInvoker invoker, Task lastTask, State next, Scope scope, Object state, Boolean isCompleted)
   at Microsoft.AspNetCore.Mvc.Infrastructure.ResourceInvoker.<InvokeAsync>g__Logged|17_1(ResourceInvoker invoker)
   at Microsoft.AspNetCore.Mvc.Infrastructure.ResourceInvoker.<InvokeAsync>g__Logged|17_1(ResourceInvoker invoker)
   at Microsoft.AspNetCore.Routing.EndpointMiddleware.<Invoke>g__AwaitRequestTask|7_0(Endpoint endpoint, Task requestTask, ILogger logger)
   at Microsoft.AspNetCore.Authorization.AuthorizationMiddleware.Invoke(HttpContext context)
   at Microsoft.AspNetCore.Authentication.AuthenticationMiddleware.Invoke(HttpContext context)
   at Swashbuckle.AspNetCore.SwaggerUI.SwaggerUIMiddleware.Invoke(HttpContext httpContext)
   at Swashbuckle.AspNetCore.Swagger.SwaggerMiddleware.Invoke(HttpContext httpContext, ISwaggerProvider swaggerProvider)
   at Microsoft.AspNetCore.Diagnostics.DeveloperExceptionPageMiddlewareImpl.Invoke(HttpContext context)
2024-11-13 13:00:08.574 +05:30 [ERR] An unhandled exception has occurred while executing the request.
System.Exception: Missing type map configuration or unsupported mapping.

Mapping types:
CreateJobPlanModel -> CreateJobPlanSpModel
PMS.Domain.Models.JobPlan.CreateJobPlanModel -> PMS.Domain.Models.JobPlan.CreateJobPlanSpModel
   at PMS.Persistence.Repositories.JobPlanRepository.CreateJobPlan(CreateJobPlanModel createJobPlanModel) in e:\Dev_TFS\SBNT.SM.TECHNICAL.CORE8\SBNT.SM.TECHNICAL.CORE8\PMS.Persistence\Repositories\JobPlanRepository.cs:line 649
   at PMS.Application.Features.JobPlan.Commands.JobPlan.CreateJobPlan.CreateJobPlanCommandHandler.Handle(CreateJobPlanCommand request, CancellationToken cancellationToken) in e:\Dev_TFS\SBNT.SM.TECHNICAL.CORE8\SBNT.SM.TECHNICAL.CORE8\PMS.Application\Features\JobPlan\Commands\JobPlan\CreateJobPlan\CreateJobPlanCommandHandler.cs:line 77
   at PMS.Api.Controllers.JobPlanController.Create(CreateJobPlanCommand createJobPlanCommand) in e:\Dev_TFS\SBNT.SM.TECHNICAL.CORE8\SBNT.SM.TECHNICAL.CORE8\PMS.API\Controllers\JobPlanController.cs:line 223
   at lambda_method558(Closure, Object)
   at Microsoft.AspNetCore.Mvc.Infrastructure.ActionMethodExecutor.AwaitableObjectResultExecutor.Execute(ActionContext actionContext, IActionResultTypeMapper mapper, ObjectMethodExecutor executor, Object controller, Object[] arguments)
   at Microsoft.AspNetCore.Mvc.Infrastructure.ControllerActionInvoker.<InvokeActionMethodAsync>g__Awaited|12_0(ControllerActionInvoker invoker, ValueTask`1 actionResultValueTask)
   at Microsoft.AspNetCore.Mvc.Infrastructure.ControllerActionInvoker.<InvokeNextActionFilterAsync>g__Awaited|10_0(ControllerActionInvoker invoker, Task lastTask, State next, Scope scope, Object state, Boolean isCompleted)
   at Microsoft.AspNetCore.Mvc.Infrastructure.ControllerActionInvoker.Rethrow(ActionExecutedContextSealed context)
   at Microsoft.AspNetCore.Mvc.Infrastructure.ControllerActionInvoker.Next(State& next, Scope& scope, Object& state, Boolean& isCompleted)
   at Microsoft.AspNetCore.Mvc.Infrastructure.ControllerActionInvoker.InvokeInnerFilterAsync()
--- End of stack trace from previous location ---
   at Microsoft.AspNetCore.Mvc.Infrastructure.ResourceInvoker.<InvokeFilterPipelineAsync>g__Awaited|20_0(ResourceInvoker invoker, Task lastTask, State next, Scope scope, Object state, Boolean isCompleted)
   at Microsoft.AspNetCore.Mvc.Infrastructure.ResourceInvoker.<InvokeAsync>g__Logged|17_1(ResourceInvoker invoker)
   at Microsoft.AspNetCore.Mvc.Infrastructure.ResourceInvoker.<InvokeAsync>g__Logged|17_1(ResourceInvoker invoker)
   at Microsoft.AspNetCore.Routing.EndpointMiddleware.<Invoke>g__AwaitRequestTask|7_0(Endpoint endpoint, Task requestTask, ILogger logger)
   at Microsoft.AspNetCore.Authorization.AuthorizationMiddleware.Invoke(HttpContext context)
   at Microsoft.AspNetCore.Authentication.AuthenticationMiddleware.Invoke(HttpContext context)
   at Swashbuckle.AspNetCore.SwaggerUI.SwaggerUIMiddleware.Invoke(HttpContext httpContext)
   at Swashbuckle.AspNetCore.Swagger.SwaggerMiddleware.Invoke(HttpContext httpContext, ISwaggerProvider swaggerProvider)
   at Microsoft.AspNetCore.Diagnostics.DeveloperExceptionPageMiddlewareImpl.Invoke(HttpContext context)
2024-11-13 13:01:35.024 +05:30 [ERR] An unhandled exception has occurred while executing the request.
System.Exception: Missing type map configuration or unsupported mapping.

Mapping types:
CreateJobPlanModel -> CreateJobPlanSpModel
PMS.Domain.Models.JobPlan.CreateJobPlanModel -> PMS.Domain.Models.JobPlan.CreateJobPlanSpModel
   at PMS.Persistence.Repositories.JobPlanRepository.CreateJobPlan(CreateJobPlanModel createJobPlanModel) in e:\Dev_TFS\SBNT.SM.TECHNICAL.CORE8\SBNT.SM.TECHNICAL.CORE8\PMS.Persistence\Repositories\JobPlanRepository.cs:line 649
   at PMS.Application.Features.JobPlan.Commands.JobPlan.CreateJobPlan.CreateJobPlanCommandHandler.Handle(CreateJobPlanCommand request, CancellationToken cancellationToken) in e:\Dev_TFS\SBNT.SM.TECHNICAL.CORE8\SBNT.SM.TECHNICAL.CORE8\PMS.Application\Features\JobPlan\Commands\JobPlan\CreateJobPlan\CreateJobPlanCommandHandler.cs:line 77
   at PMS.Api.Controllers.JobPlanController.Create(CreateJobPlanCommand createJobPlanCommand) in e:\Dev_TFS\SBNT.SM.TECHNICAL.CORE8\SBNT.SM.TECHNICAL.CORE8\PMS.API\Controllers\JobPlanController.cs:line 223
   at lambda_method558(Closure, Object)
   at Microsoft.AspNetCore.Mvc.Infrastructure.ActionMethodExecutor.AwaitableObjectResultExecutor.Execute(ActionContext actionContext, IActionResultTypeMapper mapper, ObjectMethodExecutor executor, Object controller, Object[] arguments)
   at Microsoft.AspNetCore.Mvc.Infrastructure.ControllerActionInvoker.<InvokeActionMethodAsync>g__Awaited|12_0(ControllerActionInvoker invoker, ValueTask`1 actionResultValueTask)
   at Microsoft.AspNetCore.Mvc.Infrastructure.ControllerActionInvoker.<InvokeNextActionFilterAsync>g__Awaited|10_0(ControllerActionInvoker invoker, Task lastTask, State next, Scope scope, Object state, Boolean isCompleted)
   at Microsoft.AspNetCore.Mvc.Infrastructure.ControllerActionInvoker.Rethrow(ActionExecutedContextSealed context)
   at Microsoft.AspNetCore.Mvc.Infrastructure.ControllerActionInvoker.Next(State& next, Scope& scope, Object& state, Boolean& isCompleted)
   at Microsoft.AspNetCore.Mvc.Infrastructure.ControllerActionInvoker.InvokeInnerFilterAsync()
--- End of stack trace from previous location ---
   at Microsoft.AspNetCore.Mvc.Infrastructure.ResourceInvoker.<InvokeFilterPipelineAsync>g__Awaited|20_0(ResourceInvoker invoker, Task lastTask, State next, Scope scope, Object state, Boolean isCompleted)
   at Microsoft.AspNetCore.Mvc.Infrastructure.ResourceInvoker.<InvokeAsync>g__Logged|17_1(ResourceInvoker invoker)
   at Microsoft.AspNetCore.Mvc.Infrastructure.ResourceInvoker.<InvokeAsync>g__Logged|17_1(ResourceInvoker invoker)
   at Microsoft.AspNetCore.Routing.EndpointMiddleware.<Invoke>g__AwaitRequestTask|7_0(Endpoint endpoint, Task requestTask, ILogger logger)
   at Microsoft.AspNetCore.Authorization.AuthorizationMiddleware.Invoke(HttpContext context)
   at Microsoft.AspNetCore.Authentication.AuthenticationMiddleware.Invoke(HttpContext context)
   at Swashbuckle.AspNetCore.SwaggerUI.SwaggerUIMiddleware.Invoke(HttpContext httpContext)
   at Swashbuckle.AspNetCore.Swagger.SwaggerMiddleware.Invoke(HttpContext httpContext, ISwaggerProvider swaggerProvider)
   at Microsoft.AspNetCore.Diagnostics.DeveloperExceptionPageMiddlewareImpl.Invoke(HttpContext context)
2024-11-13 13:58:33.583 +05:30 [ERR] An unhandled exception has occurred while executing the request.
System.Exception: System.InvalidOperationException: Invalid attempt to call FieldCount when reader is closed.
   at Microsoft.Data.SqlClient.SqlDataReader.get_FieldCount()
   at Dapper.SqlMapper.GetColumnHash(DbDataReader reader, Int32 startBound, Int32 length) in /_/Dapper/SqlMapper.cs:line 40
   at Dapper.SqlMapper.GridReader.ReadImpl[T](Type type, Boolean buffered) in /_/Dapper/SqlMapper.GridReader.cs:line 198
   at Dapper.SqlMapper.GridReader.Read[T](Boolean buffered) in /_/Dapper/SqlMapper.GridReader.cs:line 96
   at PMS.Persistence.Repositories.VesselGroupAndVesselRepository.GetVesselGroupAndVessel(Decimal clientid, Decimal locationId, Decimal userId) in e:\Dev_TFS\SBNT.SM.TECHNICAL.CORE8\SBNT.SM.TECHNICAL.CORE8\PMS.Persistence\Repositories\VesselGroupAndVesselRepository.cs:line 42
   at PMS.Persistence.Repositories.VesselGroupAndVesselRepository.GetVesselGroupAndVessel(Decimal clientid, Decimal locationId, Decimal userId) in e:\Dev_TFS\SBNT.SM.TECHNICAL.CORE8\SBNT.SM.TECHNICAL.CORE8\PMS.Persistence\Repositories\VesselGroupAndVesselRepository.cs:line 73
   at PMS.Application.Features.VesselGroupAndVessel.Queries.GetVesselGroupAndVessellistByClientId.GetVesselGroupAndVessellistByClientIdQueryHandler.Handle(GetVesselGroupAndVessellistByClientIdQuery request, CancellationToken cancellationToken) in e:\Dev_TFS\SBNT.SM.TECHNICAL.CORE8\SBNT.SM.TECHNICAL.CORE8\PMS.Application\Features\VesselGroupAndVessel\Queries\GetVesselGroupAndVessellistByClientId\GetVesselGroupAndVessellistByClientIdQueryHandler.cs:line 24
   at PMS.Api.Controllers.VesselController.GetAllVesselByClientId() in e:\Dev_TFS\SBNT.SM.TECHNICAL.CORE8\SBNT.SM.TECHNICAL.CORE8\PMS.API\Controllers\VesselController.cs:line 25
   at lambda_method333(Closure, Object)
   at Microsoft.AspNetCore.Mvc.Infrastructure.ActionMethodExecutor.AwaitableObjectResultExecutor.Execute(ActionContext actionContext, IActionResultTypeMapper mapper, ObjectMethodExecutor executor, Object controller, Object[] arguments)
   at Microsoft.AspNetCore.Mvc.Infrastructure.ControllerActionInvoker.<InvokeActionMethodAsync>g__Awaited|12_0(ControllerActionInvoker invoker, ValueTask`1 actionResultValueTask)
   at Microsoft.AspNetCore.Mvc.Infrastructure.ControllerActionInvoker.<InvokeNextActionFilterAsync>g__Awaited|10_0(ControllerActionInvoker invoker, Task lastTask, State next, Scope scope, Object state, Boolean isCompleted)
   at Microsoft.AspNetCore.Mvc.Infrastructure.ControllerActionInvoker.Rethrow(ActionExecutedContextSealed context)
   at Microsoft.AspNetCore.Mvc.Infrastructure.ControllerActionInvoker.Next(State& next, Scope& scope, Object& state, Boolean& isCompleted)
   at Microsoft.AspNetCore.Mvc.Infrastructure.ControllerActionInvoker.<InvokeInnerFilterAsync>g__Awaited|13_0(ControllerActionInvoker invoker, Task lastTask, State next, Scope scope, Object state, Boolean isCompleted)
   at Microsoft.AspNetCore.Mvc.Infrastructure.ResourceInvoker.<InvokeFilterPipelineAsync>g__Awaited|20_0(ResourceInvoker invoker, Task lastTask, State next, Scope scope, Object state, Boolean isCompleted)
   at Microsoft.AspNetCore.Mvc.Infrastructure.ResourceInvoker.<InvokeAsync>g__Logged|17_1(ResourceInvoker invoker)
   at Microsoft.AspNetCore.Mvc.Infrastructure.ResourceInvoker.<InvokeAsync>g__Logged|17_1(ResourceInvoker invoker)
   at Microsoft.AspNetCore.Routing.EndpointMiddleware.<Invoke>g__AwaitRequestTask|7_0(Endpoint endpoint, Task requestTask, ILogger logger)
   at Microsoft.AspNetCore.Authorization.AuthorizationMiddleware.Invoke(HttpContext context)
   at Microsoft.AspNetCore.Authentication.AuthenticationMiddleware.Invoke(HttpContext context)
   at Swashbuckle.AspNetCore.SwaggerUI.SwaggerUIMiddleware.Invoke(HttpContext httpContext)
   at Swashbuckle.AspNetCore.Swagger.SwaggerMiddleware.Invoke(HttpContext httpContext, ISwaggerProvider swaggerProvider)
   at Microsoft.AspNetCore.Diagnostics.DeveloperExceptionPageMiddlewareImpl.Invoke(HttpContext context)
2024-11-13 14:43:35.725 +05:30 [ERR] An unhandled exception has occurred while executing the request.
System.Exception: An error occurred while fetching job procedures.
 ---> System.Exception: Error fetching job procedures: 
   at PMS.Persistence.Repositories.JobProcedureRepository.GetJobProceduresByClientId(Decimal clientId) in E:\Dev_TFS\SBNT.SM.TECHNICAL.CORE8\SBNT.SM.TECHNICAL.CORE8\PMS.Persistence\Repositories\JobProcedureRepository.cs:line 37
   --- End of inner exception stack trace ---
   at PMS.Persistence.Repositories.JobProcedureRepository.GetJobProceduresByClientId(Decimal clientId) in E:\Dev_TFS\SBNT.SM.TECHNICAL.CORE8\SBNT.SM.TECHNICAL.CORE8\PMS.Persistence\Repositories\JobProcedureRepository.cs:line 44
   at PMS.Application.Features.JobProcedure.Queries.GetJobProcedureListByClientId.GetJobProcedureListByClientIdQueryHandler.Handle(GetJobProcedureListByClientIdQuery request, CancellationToken cancellationToken) in E:\Dev_TFS\SBNT.SM.TECHNICAL.CORE8\SBNT.SM.TECHNICAL.CORE8\PMS.Application\Features\JobProcedure\Queries\GetJobProcedureListByClientId\GetJobProcedureListByClientIdQueryHandler.cs:line 48
   at PMS.Api.Controllers.JobProcedureController.Get() in E:\Dev_TFS\SBNT.SM.TECHNICAL.CORE8\SBNT.SM.TECHNICAL.CORE8\PMS.API\Controllers\JobProcedureController.cs:line 45
   at lambda_method2043(Closure, Object)
   at Microsoft.AspNetCore.Mvc.Infrastructure.ActionMethodExecutor.AwaitableObjectResultExecutor.Execute(ActionContext actionContext, IActionResultTypeMapper mapper, ObjectMethodExecutor executor, Object controller, Object[] arguments)
   at Microsoft.AspNetCore.Mvc.Infrastructure.ControllerActionInvoker.<InvokeActionMethodAsync>g__Awaited|12_0(ControllerActionInvoker invoker, ValueTask`1 actionResultValueTask)
   at Microsoft.AspNetCore.Mvc.Infrastructure.ControllerActionInvoker.<InvokeNextActionFilterAsync>g__Awaited|10_0(ControllerActionInvoker invoker, Task lastTask, State next, Scope scope, Object state, Boolean isCompleted)
   at Microsoft.AspNetCore.Mvc.Infrastructure.ControllerActionInvoker.Rethrow(ActionExecutedContextSealed context)
   at Microsoft.AspNetCore.Mvc.Infrastructure.ControllerActionInvoker.Next(State& next, Scope& scope, Object& state, Boolean& isCompleted)
   at Microsoft.AspNetCore.Mvc.Infrastructure.ControllerActionInvoker.<InvokeInnerFilterAsync>g__Awaited|13_0(ControllerActionInvoker invoker, Task lastTask, State next, Scope scope, Object state, Boolean isCompleted)
   at Microsoft.AspNetCore.Mvc.Infrastructure.ResourceInvoker.<InvokeFilterPipelineAsync>g__Awaited|20_0(ResourceInvoker invoker, Task lastTask, State next, Scope scope, Object state, Boolean isCompleted)
   at Microsoft.AspNetCore.Mvc.Infrastructure.ResourceInvoker.<InvokeAsync>g__Logged|17_1(ResourceInvoker invoker)
   at Microsoft.AspNetCore.Mvc.Infrastructure.ResourceInvoker.<InvokeAsync>g__Logged|17_1(ResourceInvoker invoker)
   at Microsoft.AspNetCore.Routing.EndpointMiddleware.<Invoke>g__AwaitRequestTask|7_0(Endpoint endpoint, Task requestTask, ILogger logger)
   at Microsoft.AspNetCore.Authorization.AuthorizationMiddleware.Invoke(HttpContext context)
   at Microsoft.AspNetCore.Authentication.AuthenticationMiddleware.Invoke(HttpContext context)
   at Swashbuckle.AspNetCore.SwaggerUI.SwaggerUIMiddleware.Invoke(HttpContext httpContext)
   at Swashbuckle.AspNetCore.Swagger.SwaggerMiddleware.Invoke(HttpContext httpContext, ISwaggerProvider swaggerProvider)
   at Microsoft.AspNetCore.Diagnostics.DeveloperExceptionPageMiddlewareImpl.Invoke(HttpContext context)
2024-11-13 15:19:57.668 +05:30 [ERR] An unhandled exception has occurred while executing the request.
System.Exception: System.InvalidOperationException: Invalid operation. The connection is closed.
   at Microsoft.Data.SqlClient.TdsParserStateObject.ReadSniSyncOverAsync()
   at Microsoft.Data.SqlClient.TdsParserStateObject.TryReadNetworkPacket()
   at Microsoft.Data.SqlClient.TdsParserStateObject.TryPrepareBuffer()
   at Microsoft.Data.SqlClient.TdsParserStateObject.TryReadByteArray(Span`1 buff, Int32 len, Int32& totalRead)
   at Microsoft.Data.SqlClient.TdsParserStateObject.TryReadByteArray(Span`1 buff, Int32 len)
   at Microsoft.Data.SqlClient.TdsParserStateObject.TrySkipBytes(Int32 num)
   at Microsoft.Data.SqlClient.TdsParser.TrySkipValue(SqlMetaDataPriv md, Int32 columnOrdinal, TdsParserStateObject stateObj)
   at Microsoft.Data.SqlClient.TdsParser.TrySkipRow(_SqlMetaDataSet columns, Int32 startCol, TdsParserStateObject stateObj)
   at Microsoft.Data.SqlClient.SqlDataReader.TryCleanPartialRead()
   at Microsoft.Data.SqlClient.SqlDataReader.TryReadInternal(Boolean setTimeout, Boolean& more)
   at Microsoft.Data.SqlClient.SqlDataReader.TryNextResult(Boolean& more)
   at Microsoft.Data.SqlClient.SqlDataReader.NextResult()
   at Dapper.SqlMapper.GridReader.OnAfterGrid(Int32 index) in /_/Dapper/SqlMapper.GridReader.cs:line 450
   at Dapper.SqlMapper.GridReader.ReadDeferred[T](Int32 index, Func`2 deserializer, Type effectiveType)+<>m__Finally1() in /_/Dapper/SqlMapper.GridReader.cs:line 404
   at Dapper.SqlMapper.GridReader.ReadDeferred[T](Int32 index, Func`2 deserializer, Type effectiveType)+System.IDisposable.Dispose()
   at Dapper.SqlMapper.GridReader.ReadDeferred[T](Int32 index, Func`2 deserializer, Type effectiveType)+MoveNext() in /_/Dapper/SqlMapper.GridReader.cs:line 406
   at System.Collections.Generic.List`1..ctor(IEnumerable`1 collection)
   at System.Linq.Enumerable.ToList[TSource](IEnumerable`1 source)
   at Dapper.SqlMapper.GridReader.ReadImpl[T](Type type, Boolean buffered) in /_/Dapper/SqlMapper.GridReader.cs:line 205
   at Dapper.SqlMapper.GridReader.Read[T](Boolean buffered) in /_/Dapper/SqlMapper.GridReader.cs:line 96
   at PMS.Persistence.Repositories.VesselGroupAndVesselRepository.GetVesselGroupAndVessel(Decimal clientid, Decimal locationId, Decimal userId) in E:\Dev_TFS\SBNT.SM.TECHNICAL.CORE8\SBNT.SM.TECHNICAL.CORE8\PMS.Persistence\Repositories\VesselGroupAndVesselRepository.cs:line 42
   at PMS.Persistence.Repositories.VesselGroupAndVesselRepository.GetVesselGroupAndVessel(Decimal clientid, Decimal locationId, Decimal userId) in E:\Dev_TFS\SBNT.SM.TECHNICAL.CORE8\SBNT.SM.TECHNICAL.CORE8\PMS.Persistence\Repositories\VesselGroupAndVesselRepository.cs:line 73
   at PMS.Application.Features.VesselGroupAndVessel.Queries.GetVesselGroupAndVessellistByClientId.GetVesselGroupAndVessellistByClientIdQueryHandler.Handle(GetVesselGroupAndVessellistByClientIdQuery request, CancellationToken cancellationToken) in E:\Dev_TFS\SBNT.SM.TECHNICAL.CORE8\SBNT.SM.TECHNICAL.CORE8\PMS.Application\Features\VesselGroupAndVessel\Queries\GetVesselGroupAndVessellistByClientId\GetVesselGroupAndVessellistByClientIdQueryHandler.cs:line 24
   at PMS.Api.Controllers.VesselController.GetAllVesselByClientId() in E:\Dev_TFS\SBNT.SM.TECHNICAL.CORE8\SBNT.SM.TECHNICAL.CORE8\PMS.API\Controllers\VesselController.cs:line 25
   at lambda_method577(Closure, Object)
   at Microsoft.AspNetCore.Mvc.Infrastructure.ActionMethodExecutor.AwaitableObjectResultExecutor.Execute(ActionContext actionContext, IActionResultTypeMapper mapper, ObjectMethodExecutor executor, Object controller, Object[] arguments)
   at Microsoft.AspNetCore.Mvc.Infrastructure.ControllerActionInvoker.<InvokeActionMethodAsync>g__Awaited|12_0(ControllerActionInvoker invoker, ValueTask`1 actionResultValueTask)
   at Microsoft.AspNetCore.Mvc.Infrastructure.ControllerActionInvoker.<InvokeNextActionFilterAsync>g__Awaited|10_0(ControllerActionInvoker invoker, Task lastTask, State next, Scope scope, Object state, Boolean isCompleted)
   at Microsoft.AspNetCore.Mvc.Infrastructure.ControllerActionInvoker.Rethrow(ActionExecutedContextSealed context)
   at Microsoft.AspNetCore.Mvc.Infrastructure.ControllerActionInvoker.Next(State& next, Scope& scope, Object& state, Boolean& isCompleted)
   at Microsoft.AspNetCore.Mvc.Infrastructure.ControllerActionInvoker.<InvokeInnerFilterAsync>g__Awaited|13_0(ControllerActionInvoker invoker, Task lastTask, State next, Scope scope, Object state, Boolean isCompleted)
   at Microsoft.AspNetCore.Mvc.Infrastructure.ResourceInvoker.<InvokeFilterPipelineAsync>g__Awaited|20_0(ResourceInvoker invoker, Task lastTask, State next, Scope scope, Object state, Boolean isCompleted)
   at Microsoft.AspNetCore.Mvc.Infrastructure.ResourceInvoker.<InvokeAsync>g__Logged|17_1(ResourceInvoker invoker)
   at Microsoft.AspNetCore.Mvc.Infrastructure.ResourceInvoker.<InvokeAsync>g__Logged|17_1(ResourceInvoker invoker)
   at Microsoft.AspNetCore.Routing.EndpointMiddleware.<Invoke>g__AwaitRequestTask|7_0(Endpoint endpoint, Task requestTask, ILogger logger)
   at Microsoft.AspNetCore.Authorization.AuthorizationMiddleware.Invoke(HttpContext context)
   at Microsoft.AspNetCore.Authentication.AuthenticationMiddleware.Invoke(HttpContext context)
   at Swashbuckle.AspNetCore.SwaggerUI.SwaggerUIMiddleware.Invoke(HttpContext httpContext)
   at Swashbuckle.AspNetCore.Swagger.SwaggerMiddleware.Invoke(HttpContext httpContext, ISwaggerProvider swaggerProvider)
   at Microsoft.AspNetCore.Diagnostics.DeveloperExceptionPageMiddlewareImpl.Invoke(HttpContext context)
2024-11-13 15:19:58.678 +05:30 [ERR] An unhandled exception has occurred while executing the request.
System.Exception: System.InvalidOperationException: Invalid attempt to call NextResult when reader is closed.
   at Microsoft.Data.SqlClient.SqlDataReader.TryNextResult(Boolean& more)
   at Microsoft.Data.SqlClient.SqlDataReader.NextResult()
   at Dapper.SqlMapper.GridReader.OnAfterGrid(Int32 index) in /_/Dapper/SqlMapper.GridReader.cs:line 450
   at Dapper.SqlMapper.GridReader.ReadDeferred[T](Int32 index, Func`2 deserializer, Type effectiveType)+<>m__Finally1() in /_/Dapper/SqlMapper.GridReader.cs:line 404
   at Dapper.SqlMapper.GridReader.ReadDeferred[T](Int32 index, Func`2 deserializer, Type effectiveType)+System.IDisposable.Dispose()
   at Dapper.SqlMapper.GridReader.ReadDeferred[T](Int32 index, Func`2 deserializer, Type effectiveType)+MoveNext() in /_/Dapper/SqlMapper.GridReader.cs:line 406
   at System.Collections.Generic.List`1..ctor(IEnumerable`1 collection)
   at System.Linq.Enumerable.ToList[TSource](IEnumerable`1 source)
   at Dapper.SqlMapper.GridReader.ReadImpl[T](Type type, Boolean buffered) in /_/Dapper/SqlMapper.GridReader.cs:line 205
   at Dapper.SqlMapper.GridReader.Read[T](Boolean buffered) in /_/Dapper/SqlMapper.GridReader.cs:line 96
   at PMS.Persistence.Repositories.VesselGroupAndVesselRepository.GetVesselGroupAndVessel(Decimal clientid, Decimal locationId, Decimal userId) in E:\Dev_TFS\SBNT.SM.TECHNICAL.CORE8\SBNT.SM.TECHNICAL.CORE8\PMS.Persistence\Repositories\VesselGroupAndVesselRepository.cs:line 44
   at PMS.Persistence.Repositories.VesselGroupAndVesselRepository.GetVesselGroupAndVessel(Decimal clientid, Decimal locationId, Decimal userId) in E:\Dev_TFS\SBNT.SM.TECHNICAL.CORE8\SBNT.SM.TECHNICAL.CORE8\PMS.Persistence\Repositories\VesselGroupAndVesselRepository.cs:line 73
   at PMS.Application.Features.VesselGroupAndVessel.Queries.GetVesselGroupAndVessellistByClientId.GetVesselGroupAndVessellistByClientIdQueryHandler.Handle(GetVesselGroupAndVessellistByClientIdQuery request, CancellationToken cancellationToken) in E:\Dev_TFS\SBNT.SM.TECHNICAL.CORE8\SBNT.SM.TECHNICAL.CORE8\PMS.Application\Features\VesselGroupAndVessel\Queries\GetVesselGroupAndVessellistByClientId\GetVesselGroupAndVessellistByClientIdQueryHandler.cs:line 24
   at PMS.Api.Controllers.VesselController.GetAllVesselByClientId() in E:\Dev_TFS\SBNT.SM.TECHNICAL.CORE8\SBNT.SM.TECHNICAL.CORE8\PMS.API\Controllers\VesselController.cs:line 25
   at lambda_method577(Closure, Object)
   at Microsoft.AspNetCore.Mvc.Infrastructure.ActionMethodExecutor.AwaitableObjectResultExecutor.Execute(ActionContext actionContext, IActionResultTypeMapper mapper, ObjectMethodExecutor executor, Object controller, Object[] arguments)
   at Microsoft.AspNetCore.Mvc.Infrastructure.ControllerActionInvoker.<InvokeActionMethodAsync>g__Awaited|12_0(ControllerActionInvoker invoker, ValueTask`1 actionResultValueTask)
   at Microsoft.AspNetCore.Mvc.Infrastructure.ControllerActionInvoker.<InvokeNextActionFilterAsync>g__Awaited|10_0(ControllerActionInvoker invoker, Task lastTask, State next, Scope scope, Object state, Boolean isCompleted)
   at Microsoft.AspNetCore.Mvc.Infrastructure.ControllerActionInvoker.Rethrow(ActionExecutedContextSealed context)
   at Microsoft.AspNetCore.Mvc.Infrastructure.ControllerActionInvoker.Next(State& next, Scope& scope, Object& state, Boolean& isCompleted)
   at Microsoft.AspNetCore.Mvc.Infrastructure.ControllerActionInvoker.<InvokeInnerFilterAsync>g__Awaited|13_0(ControllerActionInvoker invoker, Task lastTask, State next, Scope scope, Object state, Boolean isCompleted)
   at Microsoft.AspNetCore.Mvc.Infrastructure.ResourceInvoker.<InvokeFilterPipelineAsync>g__Awaited|20_0(ResourceInvoker invoker, Task lastTask, State next, Scope scope, Object state, Boolean isCompleted)
   at Microsoft.AspNetCore.Mvc.Infrastructure.ResourceInvoker.<InvokeAsync>g__Logged|17_1(ResourceInvoker invoker)
   at Microsoft.AspNetCore.Mvc.Infrastructure.ResourceInvoker.<InvokeAsync>g__Logged|17_1(ResourceInvoker invoker)
   at Microsoft.AspNetCore.Routing.EndpointMiddleware.<Invoke>g__AwaitRequestTask|7_0(Endpoint endpoint, Task requestTask, ILogger logger)
   at Microsoft.AspNetCore.Authorization.AuthorizationMiddleware.Invoke(HttpContext context)
   at Microsoft.AspNetCore.Authentication.AuthenticationMiddleware.Invoke(HttpContext context)
   at Swashbuckle.AspNetCore.SwaggerUI.SwaggerUIMiddleware.Invoke(HttpContext httpContext)
   at Swashbuckle.AspNetCore.Swagger.SwaggerMiddleware.Invoke(HttpContext httpContext, ISwaggerProvider swaggerProvider)
   at Microsoft.AspNetCore.Diagnostics.DeveloperExceptionPageMiddlewareImpl.Invoke(HttpContext context)
2024-11-13 16:28:55.975 +05:30 [ERR] An unhandled exception has occurred while executing the request.
System.Exception: System.InvalidOperationException: Invalid attempt to call FieldCount when reader is closed.
   at Microsoft.Data.SqlClient.SqlDataReader.get_FieldCount()
   at Dapper.SqlMapper.GetColumnHash(DbDataReader reader, Int32 startBound, Int32 length) in /_/Dapper/SqlMapper.cs:line 40
   at Dapper.SqlMapper.GridReader.ReadImpl[T](Type type, Boolean buffered) in /_/Dapper/SqlMapper.GridReader.cs:line 198
   at Dapper.SqlMapper.GridReader.Read[T](Boolean buffered) in /_/Dapper/SqlMapper.GridReader.cs:line 96
   at PMS.Persistence.Repositories.VesselGroupAndVesselRepository.GetVesselGroupAndVessel(Decimal clientid, Decimal locationId, Decimal userId) in E:\Dev_TFS\SBNT.SM.TECHNICAL.CORE8\SBNT.SM.TECHNICAL.CORE8\PMS.Persistence\Repositories\VesselGroupAndVesselRepository.cs:line 42
   at PMS.Persistence.Repositories.VesselGroupAndVesselRepository.GetVesselGroupAndVessel(Decimal clientid, Decimal locationId, Decimal userId) in E:\Dev_TFS\SBNT.SM.TECHNICAL.CORE8\SBNT.SM.TECHNICAL.CORE8\PMS.Persistence\Repositories\VesselGroupAndVesselRepository.cs:line 73
   at PMS.Application.Features.VesselGroupAndVessel.Queries.GetVesselGroupAndVessellistByClientId.GetVesselGroupAndVessellistByClientIdQueryHandler.Handle(GetVesselGroupAndVessellistByClientIdQuery request, CancellationToken cancellationToken) in E:\Dev_TFS\SBNT.SM.TECHNICAL.CORE8\SBNT.SM.TECHNICAL.CORE8\PMS.Application\Features\VesselGroupAndVessel\Queries\GetVesselGroupAndVessellistByClientId\GetVesselGroupAndVessellistByClientIdQueryHandler.cs:line 24
   at PMS.Api.Controllers.VesselController.GetAllVesselByClientId() in E:\Dev_TFS\SBNT.SM.TECHNICAL.CORE8\SBNT.SM.TECHNICAL.CORE8\PMS.API\Controllers\VesselController.cs:line 25
   at lambda_method619(Closure, Object)
   at Microsoft.AspNetCore.Mvc.Infrastructure.ActionMethodExecutor.AwaitableObjectResultExecutor.Execute(ActionContext actionContext, IActionResultTypeMapper mapper, ObjectMethodExecutor executor, Object controller, Object[] arguments)
   at Microsoft.AspNetCore.Mvc.Infrastructure.ControllerActionInvoker.<InvokeActionMethodAsync>g__Awaited|12_0(ControllerActionInvoker invoker, ValueTask`1 actionResultValueTask)
   at Microsoft.AspNetCore.Mvc.Infrastructure.ControllerActionInvoker.<InvokeNextActionFilterAsync>g__Awaited|10_0(ControllerActionInvoker invoker, Task lastTask, State next, Scope scope, Object state, Boolean isCompleted)
   at Microsoft.AspNetCore.Mvc.Infrastructure.ControllerActionInvoker.Rethrow(ActionExecutedContextSealed context)
   at Microsoft.AspNetCore.Mvc.Infrastructure.ControllerActionInvoker.Next(State& next, Scope& scope, Object& state, Boolean& isCompleted)
   at Microsoft.AspNetCore.Mvc.Infrastructure.ControllerActionInvoker.<InvokeInnerFilterAsync>g__Awaited|13_0(ControllerActionInvoker invoker, Task lastTask, State next, Scope scope, Object state, Boolean isCompleted)
   at Microsoft.AspNetCore.Mvc.Infrastructure.ResourceInvoker.<InvokeFilterPipelineAsync>g__Awaited|20_0(ResourceInvoker invoker, Task lastTask, State next, Scope scope, Object state, Boolean isCompleted)
   at Microsoft.AspNetCore.Mvc.Infrastructure.ResourceInvoker.<InvokeAsync>g__Logged|17_1(ResourceInvoker invoker)
   at Microsoft.AspNetCore.Mvc.Infrastructure.ResourceInvoker.<InvokeAsync>g__Logged|17_1(ResourceInvoker invoker)
   at Microsoft.AspNetCore.Routing.EndpointMiddleware.<Invoke>g__AwaitRequestTask|7_0(Endpoint endpoint, Task requestTask, ILogger logger)
   at Microsoft.AspNetCore.Authorization.AuthorizationMiddleware.Invoke(HttpContext context)
   at Microsoft.AspNetCore.Authentication.AuthenticationMiddleware.Invoke(HttpContext context)
   at Swashbuckle.AspNetCore.SwaggerUI.SwaggerUIMiddleware.Invoke(HttpContext httpContext)
   at Swashbuckle.AspNetCore.Swagger.SwaggerMiddleware.Invoke(HttpContext httpContext, ISwaggerProvider swaggerProvider)
   at Microsoft.AspNetCore.Diagnostics.DeveloperExceptionPageMiddlewareImpl.Invoke(HttpContext context)
2024-11-13 16:40:17.935 +05:30 [ERR] An unhandled exception has occurred while executing the request.
System.Exception: System.InvalidOperationException: Invalid attempt to call FieldCount when reader is closed.
   at Microsoft.Data.SqlClient.SqlDataReader.get_FieldCount()
   at Dapper.SqlMapper.GetColumnHash(DbDataReader reader, Int32 startBound, Int32 length) in /_/Dapper/SqlMapper.cs:line 40
   at Dapper.SqlMapper.GridReader.ReadImpl[T](Type type, Boolean buffered) in /_/Dapper/SqlMapper.GridReader.cs:line 198
   at Dapper.SqlMapper.GridReader.Read[T](Boolean buffered) in /_/Dapper/SqlMapper.GridReader.cs:line 96
   at PMS.Persistence.Repositories.VesselGroupAndVesselRepository.GetVesselGroupAndVessel(Decimal clientid, Decimal locationId, Decimal userId) in E:\Dev_TFS\SBNT.SM.TECHNICAL.CORE8\SBNT.SM.TECHNICAL.CORE8\PMS.Persistence\Repositories\VesselGroupAndVesselRepository.cs:line 42
   at PMS.Persistence.Repositories.VesselGroupAndVesselRepository.GetVesselGroupAndVessel(Decimal clientid, Decimal locationId, Decimal userId) in E:\Dev_TFS\SBNT.SM.TECHNICAL.CORE8\SBNT.SM.TECHNICAL.CORE8\PMS.Persistence\Repositories\VesselGroupAndVesselRepository.cs:line 73
   at PMS.Application.Features.VesselGroupAndVessel.Queries.GetVesselGroupAndVessellistByClientId.GetVesselGroupAndVessellistByClientIdQueryHandler.Handle(GetVesselGroupAndVessellistByClientIdQuery request, CancellationToken cancellationToken) in E:\Dev_TFS\SBNT.SM.TECHNICAL.CORE8\SBNT.SM.TECHNICAL.CORE8\PMS.Application\Features\VesselGroupAndVessel\Queries\GetVesselGroupAndVessellistByClientId\GetVesselGroupAndVessellistByClientIdQueryHandler.cs:line 24
   at PMS.Api.Controllers.VesselController.GetAllVesselByClientId() in E:\Dev_TFS\SBNT.SM.TECHNICAL.CORE8\SBNT.SM.TECHNICAL.CORE8\PMS.API\Controllers\VesselController.cs:line 25
   at lambda_method574(Closure, Object)
   at Microsoft.AspNetCore.Mvc.Infrastructure.ActionMethodExecutor.AwaitableObjectResultExecutor.Execute(ActionContext actionContext, IActionResultTypeMapper mapper, ObjectMethodExecutor executor, Object controller, Object[] arguments)
   at Microsoft.AspNetCore.Mvc.Infrastructure.ControllerActionInvoker.<InvokeActionMethodAsync>g__Awaited|12_0(ControllerActionInvoker invoker, ValueTask`1 actionResultValueTask)
   at Microsoft.AspNetCore.Mvc.Infrastructure.ControllerActionInvoker.<InvokeNextActionFilterAsync>g__Awaited|10_0(ControllerActionInvoker invoker, Task lastTask, State next, Scope scope, Object state, Boolean isCompleted)
   at Microsoft.AspNetCore.Mvc.Infrastructure.ControllerActionInvoker.Rethrow(ActionExecutedContextSealed context)
   at Microsoft.AspNetCore.Mvc.Infrastructure.ControllerActionInvoker.Next(State& next, Scope& scope, Object& state, Boolean& isCompleted)
   at Microsoft.AspNetCore.Mvc.Infrastructure.ControllerActionInvoker.<InvokeInnerFilterAsync>g__Awaited|13_0(ControllerActionInvoker invoker, Task lastTask, State next, Scope scope, Object state, Boolean isCompleted)
   at Microsoft.AspNetCore.Mvc.Infrastructure.ResourceInvoker.<InvokeFilterPipelineAsync>g__Awaited|20_0(ResourceInvoker invoker, Task lastTask, State next, Scope scope, Object state, Boolean isCompleted)
   at Microsoft.AspNetCore.Mvc.Infrastructure.ResourceInvoker.<InvokeAsync>g__Logged|17_1(ResourceInvoker invoker)
   at Microsoft.AspNetCore.Mvc.Infrastructure.ResourceInvoker.<InvokeAsync>g__Logged|17_1(ResourceInvoker invoker)
   at Microsoft.AspNetCore.Routing.EndpointMiddleware.<Invoke>g__AwaitRequestTask|7_0(Endpoint endpoint, Task requestTask, ILogger logger)
   at Microsoft.AspNetCore.Authorization.AuthorizationMiddleware.Invoke(HttpContext context)
   at Microsoft.AspNetCore.Authentication.AuthenticationMiddleware.Invoke(HttpContext context)
   at Swashbuckle.AspNetCore.SwaggerUI.SwaggerUIMiddleware.Invoke(HttpContext httpContext)
   at Swashbuckle.AspNetCore.Swagger.SwaggerMiddleware.Invoke(HttpContext httpContext, ISwaggerProvider swaggerProvider)
   at Microsoft.AspNetCore.Diagnostics.DeveloperExceptionPageMiddlewareImpl.Invoke(HttpContext context)
2024-11-13 16:42:24.872 +05:30 [ERR] An unhandled exception has occurred while executing the request.
System.Exception: Missing type map configuration or unsupported mapping.

Mapping types:
CreateJobPlanModel -> CreateJobPlanSpModel
PMS.Domain.Models.JobPlan.CreateJobPlanModel -> PMS.Domain.Models.JobPlan.CreateJobPlanSpModel
   at PMS.Persistence.Repositories.JobPlanRepository.CreateJobPlan(CreateJobPlanModel createJobPlanModel) in E:\Dev_TFS\SBNT.SM.TECHNICAL.CORE8\SBNT.SM.TECHNICAL.CORE8\PMS.Persistence\Repositories\JobPlanRepository.cs:line 649
   at PMS.Application.Features.JobPlan.Commands.JobPlan.CreateJobPlan.CreateJobPlanCommandHandler.Handle(CreateJobPlanCommand request, CancellationToken cancellationToken) in E:\Dev_TFS\SBNT.SM.TECHNICAL.CORE8\SBNT.SM.TECHNICAL.CORE8\PMS.Application\Features\JobPlan\Commands\JobPlan\CreateJobPlan\CreateJobPlanCommandHandler.cs:line 77
   at PMS.Api.Controllers.JobPlanController.Create(CreateJobPlanCommand createJobPlanCommand) in E:\Dev_TFS\SBNT.SM.TECHNICAL.CORE8\SBNT.SM.TECHNICAL.CORE8\PMS.API\Controllers\JobPlanController.cs:line 223
   at lambda_method1221(Closure, Object)
   at Microsoft.AspNetCore.Mvc.Infrastructure.ActionMethodExecutor.AwaitableObjectResultExecutor.Execute(ActionContext actionContext, IActionResultTypeMapper mapper, ObjectMethodExecutor executor, Object controller, Object[] arguments)
   at Microsoft.AspNetCore.Mvc.Infrastructure.ControllerActionInvoker.<InvokeActionMethodAsync>g__Awaited|12_0(ControllerActionInvoker invoker, ValueTask`1 actionResultValueTask)
   at Microsoft.AspNetCore.Mvc.Infrastructure.ControllerActionInvoker.<InvokeNextActionFilterAsync>g__Awaited|10_0(ControllerActionInvoker invoker, Task lastTask, State next, Scope scope, Object state, Boolean isCompleted)
   at Microsoft.AspNetCore.Mvc.Infrastructure.ControllerActionInvoker.Rethrow(ActionExecutedContextSealed context)
   at Microsoft.AspNetCore.Mvc.Infrastructure.ControllerActionInvoker.Next(State& next, Scope& scope, Object& state, Boolean& isCompleted)
   at Microsoft.AspNetCore.Mvc.Infrastructure.ControllerActionInvoker.InvokeInnerFilterAsync()
--- End of stack trace from previous location ---
   at Microsoft.AspNetCore.Mvc.Infrastructure.ResourceInvoker.<InvokeFilterPipelineAsync>g__Awaited|20_0(ResourceInvoker invoker, Task lastTask, State next, Scope scope, Object state, Boolean isCompleted)
   at Microsoft.AspNetCore.Mvc.Infrastructure.ResourceInvoker.<InvokeAsync>g__Logged|17_1(ResourceInvoker invoker)
   at Microsoft.AspNetCore.Mvc.Infrastructure.ResourceInvoker.<InvokeAsync>g__Logged|17_1(ResourceInvoker invoker)
   at Microsoft.AspNetCore.Routing.EndpointMiddleware.<Invoke>g__AwaitRequestTask|7_0(Endpoint endpoint, Task requestTask, ILogger logger)
   at Microsoft.AspNetCore.Authorization.AuthorizationMiddleware.Invoke(HttpContext context)
   at Microsoft.AspNetCore.Authentication.AuthenticationMiddleware.Invoke(HttpContext context)
   at Swashbuckle.AspNetCore.SwaggerUI.SwaggerUIMiddleware.Invoke(HttpContext httpContext)
   at Swashbuckle.AspNetCore.Swagger.SwaggerMiddleware.Invoke(HttpContext httpContext, ISwaggerProvider swaggerProvider)
   at Microsoft.AspNetCore.Diagnostics.DeveloperExceptionPageMiddlewareImpl.Invoke(HttpContext context)
2024-11-13 17:36:10.040 +05:30 [ERR] An unhandled exception has occurred while executing the request.
System.Exception: System.ArgumentNullException: Value cannot be null. (Parameter 'source')
   at System.Linq.ThrowHelper.ThrowArgumentNullException(ExceptionArgument argument)
   at System.Linq.Enumerable.ToList[TSource](IEnumerable`1 source)
   at PMS.Persistence.Repositories.StoreTypeRepository.GetStoreTypesByClientIdAsync(Decimal clientId) in E:\Dev_TFS\SBNT.SM.TECHNICAL.CORE8\SBNT.SM.TECHNICAL.CORE8\PMS.Persistence\Repositories\StoreTypeRepository.cs:line 37
   at PMS.Persistence.Repositories.StoreTypeRepository.GetStoreTypesByClientIdAsync(Decimal clientId) in E:\Dev_TFS\SBNT.SM.TECHNICAL.CORE8\SBNT.SM.TECHNICAL.CORE8\PMS.Persistence\Repositories\StoreTypeRepository.cs:line 41
   at PMS.Application.Features.CommonRegisters.Queries.StoreTypeRegister.GetStoreTypeRegisterQueryHandler.Handle(GetStoreTypeRegisterQuery request, CancellationToken cancellationToken) in E:\Dev_TFS\SBNT.SM.TECHNICAL.CORE8\SBNT.SM.TECHNICAL.CORE8\PMS.Application\Features\CommonRegisters\Queries\StoreTypeRegister\GetStoreTypeRegisterQueryHandler.cs:line 48
   at PMS.Api.Controllers.SparePartsController.GetAllStoreTypes() in E:\Dev_TFS\SBNT.SM.TECHNICAL.CORE8\SBNT.SM.TECHNICAL.CORE8\PMS.API\Controllers\SparePartsController.cs:line 47
   at lambda_method2446(Closure, Object)
   at Microsoft.AspNetCore.Mvc.Infrastructure.ActionMethodExecutor.AwaitableObjectResultExecutor.Execute(ActionContext actionContext, IActionResultTypeMapper mapper, ObjectMethodExecutor executor, Object controller, Object[] arguments)
   at Microsoft.AspNetCore.Mvc.Infrastructure.ControllerActionInvoker.<InvokeActionMethodAsync>g__Awaited|12_0(ControllerActionInvoker invoker, ValueTask`1 actionResultValueTask)
   at Microsoft.AspNetCore.Mvc.Infrastructure.ControllerActionInvoker.<InvokeNextActionFilterAsync>g__Awaited|10_0(ControllerActionInvoker invoker, Task lastTask, State next, Scope scope, Object state, Boolean isCompleted)
   at Microsoft.AspNetCore.Mvc.Infrastructure.ControllerActionInvoker.Rethrow(ActionExecutedContextSealed context)
   at Microsoft.AspNetCore.Mvc.Infrastructure.ControllerActionInvoker.Next(State& next, Scope& scope, Object& state, Boolean& isCompleted)
   at Microsoft.AspNetCore.Mvc.Infrastructure.ControllerActionInvoker.<InvokeInnerFilterAsync>g__Awaited|13_0(ControllerActionInvoker invoker, Task lastTask, State next, Scope scope, Object state, Boolean isCompleted)
   at Microsoft.AspNetCore.Mvc.Infrastructure.ResourceInvoker.<InvokeFilterPipelineAsync>g__Awaited|20_0(ResourceInvoker invoker, Task lastTask, State next, Scope scope, Object state, Boolean isCompleted)
   at Microsoft.AspNetCore.Mvc.Infrastructure.ResourceInvoker.<InvokeAsync>g__Logged|17_1(ResourceInvoker invoker)
   at Microsoft.AspNetCore.Mvc.Infrastructure.ResourceInvoker.<InvokeAsync>g__Logged|17_1(ResourceInvoker invoker)
   at Microsoft.AspNetCore.Routing.EndpointMiddleware.<Invoke>g__AwaitRequestTask|7_0(Endpoint endpoint, Task requestTask, ILogger logger)
   at Microsoft.AspNetCore.Authorization.AuthorizationMiddleware.Invoke(HttpContext context)
   at Microsoft.AspNetCore.Authentication.AuthenticationMiddleware.Invoke(HttpContext context)
   at Swashbuckle.AspNetCore.SwaggerUI.SwaggerUIMiddleware.Invoke(HttpContext httpContext)
   at Swashbuckle.AspNetCore.Swagger.SwaggerMiddleware.Invoke(HttpContext httpContext, ISwaggerProvider swaggerProvider)
   at Microsoft.AspNetCore.Diagnostics.DeveloperExceptionPageMiddlewareImpl.Invoke(HttpContext context)
